archimedes_principle Q0 k0 1 15 CoTagRankSentenceUSE
archimedes_principle Q0 uk7 2 14 CoTagRankSentenceUSE
archimedes_principle Q0 k2 3 13 CoTagRankSentenceUSE
archimedes_principle Q0 k1 4 12 CoTagRankSentenceUSE
archimedes_principle Q0 uk8 5 11 CoTagRankSentenceUSE
archimedes_principle Q0 k3 6 10 CoTagRankSentenceUSE
archimedes_principle Q0 uk9 7 9 CoTagRankSentenceUSE
archimedes_principle Q0 uk10 8 8 CoTagRankSentenceUSE
archimedes_principle Q0 uk11 9 7 CoTagRankSentenceUSE
archimedes_principle Q0 uk12 10 6 CoTagRankSentenceUSE
archimedes_principle Q0 uk13 11 5 CoTagRankSentenceUSE
archimedes_principle Q0 uk14 12 4 CoTagRankSentenceUSE
archimedes_principle Q0 uk15 13 3 CoTagRankSentenceUSE
archimedes_principle Q0 uk16 14 2 CoTagRankSentenceUSE
archimedes_principle Q0 uk17 15 1 CoTagRankSentenceUSE
biomolecules Q0 k0 1 14 CoTagRankSentenceUSE
biomolecules Q0 k1 2 13 CoTagRankSentenceUSE
biomolecules Q0 k2 3 12 CoTagRankSentenceUSE
biomolecules Q0 uk13 4 11 CoTagRankSentenceUSE
biomolecules Q0 k3 5 10 CoTagRankSentenceUSE
biomolecules Q0 k4 6 9 CoTagRankSentenceUSE
biomolecules Q0 uk14 7 8 CoTagRankSentenceUSE
biomolecules Q0 uk15 8 7 CoTagRankSentenceUSE
biomolecules Q0 k5 9 6 CoTagRankSentenceUSE
biomolecules Q0 uk16 10 5 CoTagRankSentenceUSE
biomolecules Q0 uk17 11 4 CoTagRankSentenceUSE
biomolecules Q0 uk18 12 3 CoTagRankSentenceUSE
biomolecules Q0 uk19 13 2 CoTagRankSentenceUSE
biomolecules Q0 uk20 14 1 CoTagRankSentenceUSE
crack_band_semeval Q0 k0 1 15 CoTagRankSentenceUSE
crack_band_semeval Q0 uk11 2 14 CoTagRankSentenceUSE
crack_band_semeval Q0 k3 3 13 CoTagRankSentenceUSE
crack_band_semeval Q0 k1 4 12 CoTagRankSentenceUSE
crack_band_semeval Q0 k5 5 11 CoTagRankSentenceUSE
crack_band_semeval Q0 k4 6 10 CoTagRankSentenceUSE
crack_band_semeval Q0 k2 7 9 CoTagRankSentenceUSE
crack_band_semeval Q0 uk12 8 8 CoTagRankSentenceUSE
crack_band_semeval Q0 uk13 9 7 CoTagRankSentenceUSE
crack_band_semeval Q0 uk14 10 6 CoTagRankSentenceUSE
crack_band_semeval Q0 uk15 11 5 CoTagRankSentenceUSE
crack_band_semeval Q0 k6 12 4 CoTagRankSentenceUSE
crack_band_semeval Q0 uk16 13 3 CoTagRankSentenceUSE
crack_band_semeval Q0 uk17 14 2 CoTagRankSentenceUSE
crack_band_semeval Q0 uk18 15 1 CoTagRankSentenceUSE
exothermic_endothermic Q0 k0 1 12 CoTagRankSentenceUSE
exothermic_endothermic Q0 k1 2 11 CoTagRankSentenceUSE
exothermic_endothermic Q0 k2 3 10 CoTagRankSentenceUSE
exothermic_endothermic Q0 uk7 4 9 CoTagRankSentenceUSE
exothermic_endothermic Q0 k3 5 8 CoTagRankSentenceUSE
exothermic_endothermic Q0 uk8 6 7 CoTagRankSentenceUSE
exothermic_endothermic Q0 k5 7 6 CoTagRankSentenceUSE
exothermic_endothermic Q0 k4 8 5 CoTagRankSentenceUSE
exothermic_endothermic Q0 uk9 9 4 CoTagRankSentenceUSE
exothermic_endothermic Q0 uk10 10 3 CoTagRankSentenceUSE
exothermic_endothermic Q0 uk11 11 2 CoTagRankSentenceUSE
exothermic_endothermic Q0 uk12 12 1 CoTagRankSentenceUSE
lung_cancer Q0 k0 1 15 CoTagRankSentenceUSE
lung_cancer Q0 k1 2 14 CoTagRankSentenceUSE
lung_cancer Q0 k2 3 13 CoTagRankSentenceUSE
lung_cancer Q0 k3 4 12 CoTagRankSentenceUSE
lung_cancer Q0 k4 5 11 CoTagRankSentenceUSE
lung_cancer Q0 k5 6 10 CoTagRankSentenceUSE
lung_cancer Q0 uk8 7 9 CoTagRankSentenceUSE
lung_cancer Q0 uk9 8 8 CoTagRankSentenceUSE
lung_cancer Q0 uk10 9 7 CoTagRankSentenceUSE
lung_cancer Q0 k6 10 6 CoTagRankSentenceUSE
lung_cancer Q0 uk11 11 5 CoTagRankSentenceUSE
lung_cancer Q0 uk12 12 4 CoTagRankSentenceUSE
lung_cancer Q0 uk13 13 3 CoTagRankSentenceUSE
lung_cancer Q0 uk14 14 2 CoTagRankSentenceUSE
lung_cancer Q0 uk15 15 1 CoTagRankSentenceUSE
ph_doc Q0 k0 1 14 CoTagRankSentenceUSE
ph_doc Q0 uk7 2 13 CoTagRankSentenceUSE
ph_doc Q0 uk8 3 12 CoTagRankSentenceUSE
ph_doc Q0 k1 4 11 CoTagRankSentenceUSE
ph_doc Q0 k2 5 10 CoTagRankSentenceUSE
ph_doc Q0 uk9 6 9 CoTagRankSentenceUSE
ph_doc Q0 k3 7 8 CoTagRankSentenceUSE
ph_doc Q0 k4 8 7 CoTagRankSentenceUSE
ph_doc Q0 k5 9 6 CoTagRankSentenceUSE
ph_doc Q0 uk10 10 5 CoTagRankSentenceUSE
ph_doc Q0 uk11 11 4 CoTagRankSentenceUSE
ph_doc Q0 uk12 12 3 CoTagRankSentenceUSE
ph_doc Q0 uk13 13 2 CoTagRankSentenceUSE
ph_doc Q0 uk14 14 1 CoTagRankSentenceUSE
science00ae21bc-8b61-45f9-b97f-178a6a80281c Q0 uk4 1 14 CoTagRankSentenceUSE
science00ae21bc-8b61-45f9-b97f-178a6a80281c Q0 k0 2 13 CoTagRankSentenceUSE
science00ae21bc-8b61-45f9-b97f-178a6a80281c Q0 uk5 3 12 CoTagRankSentenceUSE
science00ae21bc-8b61-45f9-b97f-178a6a80281c Q0 uk6 4 11 CoTagRankSentenceUSE
science00ae21bc-8b61-45f9-b97f-178a6a80281c Q0 uk7 5 10 CoTagRankSentenceUSE
science00ae21bc-8b61-45f9-b97f-178a6a80281c Q0 k1 6 9 CoTagRankSentenceUSE
science00ae21bc-8b61-45f9-b97f-178a6a80281c Q0 uk8 7 8 CoTagRankSentenceUSE
science00ae21bc-8b61-45f9-b97f-178a6a80281c Q0 uk9 8 7 CoTagRankSentenceUSE
science00ae21bc-8b61-45f9-b97f-178a6a80281c Q0 k2 9 6 CoTagRankSentenceUSE
science00ae21bc-8b61-45f9-b97f-178a6a80281c Q0 uk10 10 5 CoTagRankSentenceUSE
science00ae21bc-8b61-45f9-b97f-178a6a80281c Q0 uk11 11 4 CoTagRankSentenceUSE
science00ae21bc-8b61-45f9-b97f-178a6a80281c Q0 uk12 12 3 CoTagRankSentenceUSE
science00ae21bc-8b61-45f9-b97f-178a6a80281c Q0 uk13 13 2 CoTagRankSentenceUSE
science00ae21bc-8b61-45f9-b97f-178a6a80281c Q0 uk14 14 1 CoTagRankSentenceUSE
science00afee9b-882c-4fc7-b655-4d2892885722 Q0 k0 1 12 CoTagRankSentenceUSE
science00afee9b-882c-4fc7-b655-4d2892885722 Q0 k1 2 11 CoTagRankSentenceUSE
science00afee9b-882c-4fc7-b655-4d2892885722 Q0 k2 3 10 CoTagRankSentenceUSE
science00afee9b-882c-4fc7-b655-4d2892885722 Q0 k3 4 9 CoTagRankSentenceUSE
science00afee9b-882c-4fc7-b655-4d2892885722 Q0 uk11 5 8 CoTagRankSentenceUSE
science00afee9b-882c-4fc7-b655-4d2892885722 Q0 k5 6 7 CoTagRankSentenceUSE
science00afee9b-882c-4fc7-b655-4d2892885722 Q0 k4 7 6 CoTagRankSentenceUSE
science00afee9b-882c-4fc7-b655-4d2892885722 Q0 k7 8 5 CoTagRankSentenceUSE
science00afee9b-882c-4fc7-b655-4d2892885722 Q0 uk12 9 4 CoTagRankSentenceUSE
science00afee9b-882c-4fc7-b655-4d2892885722 Q0 k6 10 3 CoTagRankSentenceUSE
science00afee9b-882c-4fc7-b655-4d2892885722 Q0 uk13 11 2 CoTagRankSentenceUSE
science00afee9b-882c-4fc7-b655-4d2892885722 Q0 uk14 12 1 CoTagRankSentenceUSE
science0a430497-f28e-40dc-aa3f-88f1b597017a Q0 k2 1 15 CoTagRankSentenceUSE
science0a430497-f28e-40dc-aa3f-88f1b597017a Q0 k0 2 14 CoTagRankSentenceUSE
science0a430497-f28e-40dc-aa3f-88f1b597017a Q0 k1 3 13 CoTagRankSentenceUSE
science0a430497-f28e-40dc-aa3f-88f1b597017a Q0 uk7 4 12 CoTagRankSentenceUSE
science0a430497-f28e-40dc-aa3f-88f1b597017a Q0 k3 5 11 CoTagRankSentenceUSE
science0a430497-f28e-40dc-aa3f-88f1b597017a Q0 k4 6 10 CoTagRankSentenceUSE
science0a430497-f28e-40dc-aa3f-88f1b597017a Q0 uk8 7 9 CoTagRankSentenceUSE
science0a430497-f28e-40dc-aa3f-88f1b597017a Q0 uk9 8 8 CoTagRankSentenceUSE
science0a430497-f28e-40dc-aa3f-88f1b597017a Q0 uk10 9 7 CoTagRankSentenceUSE
science0a430497-f28e-40dc-aa3f-88f1b597017a Q0 uk11 10 6 CoTagRankSentenceUSE
science0a430497-f28e-40dc-aa3f-88f1b597017a Q0 k5 11 5 CoTagRankSentenceUSE
science0a430497-f28e-40dc-aa3f-88f1b597017a Q0 uk12 12 4 CoTagRankSentenceUSE
science0a430497-f28e-40dc-aa3f-88f1b597017a Q0 uk13 13 3 CoTagRankSentenceUSE
science0a430497-f28e-40dc-aa3f-88f1b597017a Q0 uk14 14 2 CoTagRankSentenceUSE
science0a430497-f28e-40dc-aa3f-88f1b597017a Q0 uk15 15 1 CoTagRankSentenceUSE
science0aa30d4b-107a-4d79-bad0-6d3e9145d34e Q0 uk7 1 15 CoTagRankSentenceUSE
science0aa30d4b-107a-4d79-bad0-6d3e9145d34e Q0 k0 2 14 CoTagRankSentenceUSE
science0aa30d4b-107a-4d79-bad0-6d3e9145d34e Q0 uk8 3 13 CoTagRankSentenceUSE
science0aa30d4b-107a-4d79-bad0-6d3e9145d34e Q0 k1 4 12 CoTagRankSentenceUSE
science0aa30d4b-107a-4d79-bad0-6d3e9145d34e Q0 uk9 5 11 CoTagRankSentenceUSE
science0aa30d4b-107a-4d79-bad0-6d3e9145d34e Q0 uk10 6 10 CoTagRankSentenceUSE
science0aa30d4b-107a-4d79-bad0-6d3e9145d34e Q0 k2 7 9 CoTagRankSentenceUSE
science0aa30d4b-107a-4d79-bad0-6d3e9145d34e Q0 uk11 8 8 CoTagRankSentenceUSE
science0aa30d4b-107a-4d79-bad0-6d3e9145d34e Q0 uk12 9 7 CoTagRankSentenceUSE
science0aa30d4b-107a-4d79-bad0-6d3e9145d34e Q0 uk13 10 6 CoTagRankSentenceUSE
science0aa30d4b-107a-4d79-bad0-6d3e9145d34e Q0 uk14 11 5 CoTagRankSentenceUSE
science0aa30d4b-107a-4d79-bad0-6d3e9145d34e Q0 uk15 12 4 CoTagRankSentenceUSE
science0aa30d4b-107a-4d79-bad0-6d3e9145d34e Q0 uk16 13 3 CoTagRankSentenceUSE
science0aa30d4b-107a-4d79-bad0-6d3e9145d34e Q0 uk17 14 2 CoTagRankSentenceUSE
science0aa30d4b-107a-4d79-bad0-6d3e9145d34e Q0 k3 15 1 CoTagRankSentenceUSE
science0aaf8337-078e-4ba9-be75-ed70624408f3 Q0 k0 1 15 CoTagRankSentenceUSE
science0aaf8337-078e-4ba9-be75-ed70624408f3 Q0 uk10 2 14 CoTagRankSentenceUSE
science0aaf8337-078e-4ba9-be75-ed70624408f3 Q0 uk11 3 13 CoTagRankSentenceUSE
science0aaf8337-078e-4ba9-be75-ed70624408f3 Q0 k9 4 12 CoTagRankSentenceUSE
science0aaf8337-078e-4ba9-be75-ed70624408f3 Q0 uk12 5 11 CoTagRankSentenceUSE
science0aaf8337-078e-4ba9-be75-ed70624408f3 Q0 k2 6 10 CoTagRankSentenceUSE
science0aaf8337-078e-4ba9-be75-ed70624408f3 Q0 k4 7 9 CoTagRankSentenceUSE
science0aaf8337-078e-4ba9-be75-ed70624408f3 Q0 k5 8 8 CoTagRankSentenceUSE
science0aaf8337-078e-4ba9-be75-ed70624408f3 Q0 k3 9 7 CoTagRankSentenceUSE
science0aaf8337-078e-4ba9-be75-ed70624408f3 Q0 k6 10 6 CoTagRankSentenceUSE
science0aaf8337-078e-4ba9-be75-ed70624408f3 Q0 uk13 11 5 CoTagRankSentenceUSE
science0aaf8337-078e-4ba9-be75-ed70624408f3 Q0 uk14 12 4 CoTagRankSentenceUSE
science0aaf8337-078e-4ba9-be75-ed70624408f3 Q0 uk15 13 3 CoTagRankSentenceUSE
science0aaf8337-078e-4ba9-be75-ed70624408f3 Q0 uk16 14 2 CoTagRankSentenceUSE
science0aaf8337-078e-4ba9-be75-ed70624408f3 Q0 uk17 15 1 CoTagRankSentenceUSE
science0ac26d73-a314-43fd-ab1d-5456e1c98208 Q0 uk6 1 15 CoTagRankSentenceUSE
science0ac26d73-a314-43fd-ab1d-5456e1c98208 Q0 k1 2 14 CoTagRankSentenceUSE
science0ac26d73-a314-43fd-ab1d-5456e1c98208 Q0 k2 3 13 CoTagRankSentenceUSE
science0ac26d73-a314-43fd-ab1d-5456e1c98208 Q0 k3 4 12 CoTagRankSentenceUSE
science0ac26d73-a314-43fd-ab1d-5456e1c98208 Q0 uk7 5 11 CoTagRankSentenceUSE
science0ac26d73-a314-43fd-ab1d-5456e1c98208 Q0 uk8 6 10 CoTagRankSentenceUSE
science0ac26d73-a314-43fd-ab1d-5456e1c98208 Q0 uk9 7 9 CoTagRankSentenceUSE
science0ac26d73-a314-43fd-ab1d-5456e1c98208 Q0 k4 8 8 CoTagRankSentenceUSE
science0ac26d73-a314-43fd-ab1d-5456e1c98208 Q0 uk10 9 7 CoTagRankSentenceUSE
science0ac26d73-a314-43fd-ab1d-5456e1c98208 Q0 uk11 10 6 CoTagRankSentenceUSE
science0ac26d73-a314-43fd-ab1d-5456e1c98208 Q0 uk12 11 5 CoTagRankSentenceUSE
science0ac26d73-a314-43fd-ab1d-5456e1c98208 Q0 uk13 12 4 CoTagRankSentenceUSE
science0ac26d73-a314-43fd-ab1d-5456e1c98208 Q0 uk14 13 3 CoTagRankSentenceUSE
science0ac26d73-a314-43fd-ab1d-5456e1c98208 Q0 uk15 14 2 CoTagRankSentenceUSE
science0ac26d73-a314-43fd-ab1d-5456e1c98208 Q0 uk16 15 1 CoTagRankSentenceUSE
science0ac4f68b-7929-4cf5-8bba-8e6ee9a0d856 Q0 uk5 1 14 CoTagRankSentenceUSE
science0ac4f68b-7929-4cf5-8bba-8e6ee9a0d856 Q0 uk6 2 13 CoTagRankSentenceUSE
science0ac4f68b-7929-4cf5-8bba-8e6ee9a0d856 Q0 uk7 3 12 CoTagRankSentenceUSE
science0ac4f68b-7929-4cf5-8bba-8e6ee9a0d856 Q0 k1 4 11 CoTagRankSentenceUSE
science0ac4f68b-7929-4cf5-8bba-8e6ee9a0d856 Q0 uk8 5 10 CoTagRankSentenceUSE
science0ac4f68b-7929-4cf5-8bba-8e6ee9a0d856 Q0 k0 6 9 CoTagRankSentenceUSE
science0ac4f68b-7929-4cf5-8bba-8e6ee9a0d856 Q0 uk9 7 8 CoTagRankSentenceUSE
science0ac4f68b-7929-4cf5-8bba-8e6ee9a0d856 Q0 uk10 8 7 CoTagRankSentenceUSE
science0ac4f68b-7929-4cf5-8bba-8e6ee9a0d856 Q0 k2 9 6 CoTagRankSentenceUSE
science0ac4f68b-7929-4cf5-8bba-8e6ee9a0d856 Q0 uk11 10 5 CoTagRankSentenceUSE
science0ac4f68b-7929-4cf5-8bba-8e6ee9a0d856 Q0 uk12 11 4 CoTagRankSentenceUSE
science0ac4f68b-7929-4cf5-8bba-8e6ee9a0d856 Q0 uk13 12 3 CoTagRankSentenceUSE
science0ac4f68b-7929-4cf5-8bba-8e6ee9a0d856 Q0 uk14 13 2 CoTagRankSentenceUSE
science0ac4f68b-7929-4cf5-8bba-8e6ee9a0d856 Q0 uk15 14 1 CoTagRankSentenceUSE
science0afdc4cf-a0b9-424d-adc8-14955f2c3638 Q0 k0 1 13 CoTagRankSentenceUSE
science0afdc4cf-a0b9-424d-adc8-14955f2c3638 Q0 k1 2 12 CoTagRankSentenceUSE
science0afdc4cf-a0b9-424d-adc8-14955f2c3638 Q0 k2 3 11 CoTagRankSentenceUSE
science0afdc4cf-a0b9-424d-adc8-14955f2c3638 Q0 k3 4 10 CoTagRankSentenceUSE
science0afdc4cf-a0b9-424d-adc8-14955f2c3638 Q0 k4 5 9 CoTagRankSentenceUSE
science0afdc4cf-a0b9-424d-adc8-14955f2c3638 Q0 uk12 6 8 CoTagRankSentenceUSE
science0afdc4cf-a0b9-424d-adc8-14955f2c3638 Q0 k5 7 7 CoTagRankSentenceUSE
science0afdc4cf-a0b9-424d-adc8-14955f2c3638 Q0 k8 8 6 CoTagRankSentenceUSE
science0afdc4cf-a0b9-424d-adc8-14955f2c3638 Q0 k6 9 5 CoTagRankSentenceUSE
science0afdc4cf-a0b9-424d-adc8-14955f2c3638 Q0 k7 10 4 CoTagRankSentenceUSE
science0afdc4cf-a0b9-424d-adc8-14955f2c3638 Q0 uk13 11 3 CoTagRankSentenceUSE
science0afdc4cf-a0b9-424d-adc8-14955f2c3638 Q0 uk14 12 2 CoTagRankSentenceUSE
science0afdc4cf-a0b9-424d-adc8-14955f2c3638 Q0 uk15 13 1 CoTagRankSentenceUSE
science0b0ef249-9131-4961-89ff-1f0b0cf44b2c Q0 uk8 1 14 CoTagRankSentenceUSE
science0b0ef249-9131-4961-89ff-1f0b0cf44b2c Q0 k0 2 13 CoTagRankSentenceUSE
science0b0ef249-9131-4961-89ff-1f0b0cf44b2c Q0 k1 3 12 CoTagRankSentenceUSE
science0b0ef249-9131-4961-89ff-1f0b0cf44b2c Q0 uk9 4 11 CoTagRankSentenceUSE
science0b0ef249-9131-4961-89ff-1f0b0cf44b2c Q0 k2 5 10 CoTagRankSentenceUSE
science0b0ef249-9131-4961-89ff-1f0b0cf44b2c Q0 k4 6 9 CoTagRankSentenceUSE
science0b0ef249-9131-4961-89ff-1f0b0cf44b2c Q0 k3 7 8 CoTagRankSentenceUSE
science0b0ef249-9131-4961-89ff-1f0b0cf44b2c Q0 uk10 8 7 CoTagRankSentenceUSE
science0b0ef249-9131-4961-89ff-1f0b0cf44b2c Q0 uk11 9 6 CoTagRankSentenceUSE
science0b0ef249-9131-4961-89ff-1f0b0cf44b2c Q0 uk12 10 5 CoTagRankSentenceUSE
science0b0ef249-9131-4961-89ff-1f0b0cf44b2c Q0 uk13 11 4 CoTagRankSentenceUSE
science0b0ef249-9131-4961-89ff-1f0b0cf44b2c Q0 uk14 12 3 CoTagRankSentenceUSE
science0b0ef249-9131-4961-89ff-1f0b0cf44b2c Q0 uk15 13 2 CoTagRankSentenceUSE
science0b0ef249-9131-4961-89ff-1f0b0cf44b2c Q0 uk16 14 1 CoTagRankSentenceUSE
science0b117ba8-d1e9-4f03-b762-f1a10a71683b Q0 k0 1 15 CoTagRankSentenceUSE
science0b117ba8-d1e9-4f03-b762-f1a10a71683b Q0 k1 2 14 CoTagRankSentenceUSE
science0b117ba8-d1e9-4f03-b762-f1a10a71683b Q0 uk7 3 13 CoTagRankSentenceUSE
science0b117ba8-d1e9-4f03-b762-f1a10a71683b Q0 k2 4 12 CoTagRankSentenceUSE
science0b117ba8-d1e9-4f03-b762-f1a10a71683b Q0 k3 5 11 CoTagRankSentenceUSE
science0b117ba8-d1e9-4f03-b762-f1a10a71683b Q0 k5 6 10 CoTagRankSentenceUSE
science0b117ba8-d1e9-4f03-b762-f1a10a71683b Q0 k6 7 9 CoTagRankSentenceUSE
science0b117ba8-d1e9-4f03-b762-f1a10a71683b Q0 uk8 8 8 CoTagRankSentenceUSE
science0b117ba8-d1e9-4f03-b762-f1a10a71683b Q0 k4 9 7 CoTagRankSentenceUSE
science0b117ba8-d1e9-4f03-b762-f1a10a71683b Q0 uk9 10 6 CoTagRankSentenceUSE
science0b117ba8-d1e9-4f03-b762-f1a10a71683b Q0 uk10 11 5 CoTagRankSentenceUSE
science0b117ba8-d1e9-4f03-b762-f1a10a71683b Q0 uk11 12 4 CoTagRankSentenceUSE
science0b117ba8-d1e9-4f03-b762-f1a10a71683b Q0 uk12 13 3 CoTagRankSentenceUSE
science0b117ba8-d1e9-4f03-b762-f1a10a71683b Q0 uk13 14 2 CoTagRankSentenceUSE
science0b117ba8-d1e9-4f03-b762-f1a10a71683b Q0 uk14 15 1 CoTagRankSentenceUSE
science0b161a08-8eab-4b58-8454-64ca026489ce Q0 k0 1 13 CoTagRankSentenceUSE
science0b161a08-8eab-4b58-8454-64ca026489ce Q0 k2 2 12 CoTagRankSentenceUSE
science0b161a08-8eab-4b58-8454-64ca026489ce Q0 k1 3 11 CoTagRankSentenceUSE
science0b161a08-8eab-4b58-8454-64ca026489ce Q0 uk7 4 10 CoTagRankSentenceUSE
science0b161a08-8eab-4b58-8454-64ca026489ce Q0 uk8 5 9 CoTagRankSentenceUSE
science0b161a08-8eab-4b58-8454-64ca026489ce Q0 uk9 6 8 CoTagRankSentenceUSE
science0b161a08-8eab-4b58-8454-64ca026489ce Q0 k3 7 7 CoTagRankSentenceUSE
science0b161a08-8eab-4b58-8454-64ca026489ce Q0 k5 8 6 CoTagRankSentenceUSE
science0b161a08-8eab-4b58-8454-64ca026489ce Q0 k4 9 5 CoTagRankSentenceUSE
science0b161a08-8eab-4b58-8454-64ca026489ce Q0 uk10 10 4 CoTagRankSentenceUSE
science0b161a08-8eab-4b58-8454-64ca026489ce Q0 uk11 11 3 CoTagRankSentenceUSE
science0b161a08-8eab-4b58-8454-64ca026489ce Q0 uk12 12 2 CoTagRankSentenceUSE
science0b161a08-8eab-4b58-8454-64ca026489ce Q0 uk13 13 1 CoTagRankSentenceUSE
science0b443552-3af3-466a-b065-987fccdcb3ee Q0 k2 1 15 CoTagRankSentenceUSE
science0b443552-3af3-466a-b065-987fccdcb3ee Q0 k3 2 14 CoTagRankSentenceUSE
science0b443552-3af3-466a-b065-987fccdcb3ee Q0 k0 3 13 CoTagRankSentenceUSE
science0b443552-3af3-466a-b065-987fccdcb3ee Q0 k1 4 12 CoTagRankSentenceUSE
science0b443552-3af3-466a-b065-987fccdcb3ee Q0 uk10 5 11 CoTagRankSentenceUSE
science0b443552-3af3-466a-b065-987fccdcb3ee Q0 uk11 6 10 CoTagRankSentenceUSE
science0b443552-3af3-466a-b065-987fccdcb3ee Q0 k5 7 9 CoTagRankSentenceUSE
science0b443552-3af3-466a-b065-987fccdcb3ee Q0 k6 8 8 CoTagRankSentenceUSE
science0b443552-3af3-466a-b065-987fccdcb3ee Q0 uk12 9 7 CoTagRankSentenceUSE
science0b443552-3af3-466a-b065-987fccdcb3ee Q0 uk13 10 6 CoTagRankSentenceUSE
science0b443552-3af3-466a-b065-987fccdcb3ee Q0 k4 11 5 CoTagRankSentenceUSE
science0b443552-3af3-466a-b065-987fccdcb3ee Q0 uk14 12 4 CoTagRankSentenceUSE
science0b443552-3af3-466a-b065-987fccdcb3ee Q0 uk15 13 3 CoTagRankSentenceUSE
science0b443552-3af3-466a-b065-987fccdcb3ee Q0 uk16 14 2 CoTagRankSentenceUSE
science0b443552-3af3-466a-b065-987fccdcb3ee Q0 uk17 15 1 CoTagRankSentenceUSE
science0bc5134d-6181-407f-8c66-bc8017e43d69 Q0 k0 1 14 CoTagRankSentenceUSE
science0bc5134d-6181-407f-8c66-bc8017e43d69 Q0 k1 2 13 CoTagRankSentenceUSE
science0bc5134d-6181-407f-8c66-bc8017e43d69 Q0 k2 3 12 CoTagRankSentenceUSE
science0bc5134d-6181-407f-8c66-bc8017e43d69 Q0 k3 4 11 CoTagRankSentenceUSE
science0bc5134d-6181-407f-8c66-bc8017e43d69 Q0 uk6 5 10 CoTagRankSentenceUSE
science0bc5134d-6181-407f-8c66-bc8017e43d69 Q0 uk7 6 9 CoTagRankSentenceUSE
science0bc5134d-6181-407f-8c66-bc8017e43d69 Q0 uk8 7 8 CoTagRankSentenceUSE
science0bc5134d-6181-407f-8c66-bc8017e43d69 Q0 uk9 8 7 CoTagRankSentenceUSE
science0bc5134d-6181-407f-8c66-bc8017e43d69 Q0 k4 9 6 CoTagRankSentenceUSE
science0bc5134d-6181-407f-8c66-bc8017e43d69 Q0 uk10 10 5 CoTagRankSentenceUSE
science0bc5134d-6181-407f-8c66-bc8017e43d69 Q0 uk11 11 4 CoTagRankSentenceUSE
science0bc5134d-6181-407f-8c66-bc8017e43d69 Q0 uk12 12 3 CoTagRankSentenceUSE
science0bc5134d-6181-407f-8c66-bc8017e43d69 Q0 uk13 13 2 CoTagRankSentenceUSE
science0bc5134d-6181-407f-8c66-bc8017e43d69 Q0 uk14 14 1 CoTagRankSentenceUSE
science0e2809e7-e2f7-49bc-8c5b-048d8084da3e Q0 k0 1 14 CoTagRankSentenceUSE
science0e2809e7-e2f7-49bc-8c5b-048d8084da3e Q0 uk7 2 13 CoTagRankSentenceUSE
science0e2809e7-e2f7-49bc-8c5b-048d8084da3e Q0 uk8 3 12 CoTagRankSentenceUSE
science0e2809e7-e2f7-49bc-8c5b-048d8084da3e Q0 uk9 4 11 CoTagRankSentenceUSE
science0e2809e7-e2f7-49bc-8c5b-048d8084da3e Q0 uk10 5 10 CoTagRankSentenceUSE
science0e2809e7-e2f7-49bc-8c5b-048d8084da3e Q0 k1 6 9 CoTagRankSentenceUSE
science0e2809e7-e2f7-49bc-8c5b-048d8084da3e Q0 k2 7 8 CoTagRankSentenceUSE
science0e2809e7-e2f7-49bc-8c5b-048d8084da3e Q0 uk11 8 7 CoTagRankSentenceUSE
science0e2809e7-e2f7-49bc-8c5b-048d8084da3e Q0 uk12 9 6 CoTagRankSentenceUSE
science0e2809e7-e2f7-49bc-8c5b-048d8084da3e Q0 uk13 10 5 CoTagRankSentenceUSE
science0e2809e7-e2f7-49bc-8c5b-048d8084da3e Q0 uk14 11 4 CoTagRankSentenceUSE
science0e2809e7-e2f7-49bc-8c5b-048d8084da3e Q0 k3 12 3 CoTagRankSentenceUSE
science0e2809e7-e2f7-49bc-8c5b-048d8084da3e Q0 uk15 13 2 CoTagRankSentenceUSE
science0e2809e7-e2f7-49bc-8c5b-048d8084da3e Q0 uk16 14 1 CoTagRankSentenceUSE
science0ea4f7db-eb25-4758-b83e-6a9bdb57d4a3 Q0 k0 1 15 CoTagRankSentenceUSE
science0ea4f7db-eb25-4758-b83e-6a9bdb57d4a3 Q0 k1 2 14 CoTagRankSentenceUSE
science0ea4f7db-eb25-4758-b83e-6a9bdb57d4a3 Q0 k2 3 13 CoTagRankSentenceUSE
science0ea4f7db-eb25-4758-b83e-6a9bdb57d4a3 Q0 uk10 4 12 CoTagRankSentenceUSE
science0ea4f7db-eb25-4758-b83e-6a9bdb57d4a3 Q0 k3 5 11 CoTagRankSentenceUSE
science0ea4f7db-eb25-4758-b83e-6a9bdb57d4a3 Q0 k4 6 10 CoTagRankSentenceUSE
science0ea4f7db-eb25-4758-b83e-6a9bdb57d4a3 Q0 k5 7 9 CoTagRankSentenceUSE
science0ea4f7db-eb25-4758-b83e-6a9bdb57d4a3 Q0 k6 8 8 CoTagRankSentenceUSE
science0ea4f7db-eb25-4758-b83e-6a9bdb57d4a3 Q0 k7 9 7 CoTagRankSentenceUSE
science0ea4f7db-eb25-4758-b83e-6a9bdb57d4a3 Q0 uk11 10 6 CoTagRankSentenceUSE
science0ea4f7db-eb25-4758-b83e-6a9bdb57d4a3 Q0 uk12 11 5 CoTagRankSentenceUSE
science0ea4f7db-eb25-4758-b83e-6a9bdb57d4a3 Q0 uk13 12 4 CoTagRankSentenceUSE
science0ea4f7db-eb25-4758-b83e-6a9bdb57d4a3 Q0 uk14 13 3 CoTagRankSentenceUSE
science0ea4f7db-eb25-4758-b83e-6a9bdb57d4a3 Q0 uk15 14 2 CoTagRankSentenceUSE
science0ea4f7db-eb25-4758-b83e-6a9bdb57d4a3 Q0 uk16 15 1 CoTagRankSentenceUSE
science0ec2c419-7d17-45a5-93b7-71d82bb44c08 Q0 k1 1 13 CoTagRankSentenceUSE
science0ec2c419-7d17-45a5-93b7-71d82bb44c08 Q0 k0 2 12 CoTagRankSentenceUSE
science0ec2c419-7d17-45a5-93b7-71d82bb44c08 Q0 k2 3 11 CoTagRankSentenceUSE
science0ec2c419-7d17-45a5-93b7-71d82bb44c08 Q0 k4 4 10 CoTagRankSentenceUSE
science0ec2c419-7d17-45a5-93b7-71d82bb44c08 Q0 uk8 5 9 CoTagRankSentenceUSE
science0ec2c419-7d17-45a5-93b7-71d82bb44c08 Q0 uk9 6 8 CoTagRankSentenceUSE
science0ec2c419-7d17-45a5-93b7-71d82bb44c08 Q0 uk10 7 7 CoTagRankSentenceUSE
science0ec2c419-7d17-45a5-93b7-71d82bb44c08 Q0 k7 8 6 CoTagRankSentenceUSE
science0ec2c419-7d17-45a5-93b7-71d82bb44c08 Q0 k6 9 5 CoTagRankSentenceUSE
science0ec2c419-7d17-45a5-93b7-71d82bb44c08 Q0 k3 10 4 CoTagRankSentenceUSE
science0ec2c419-7d17-45a5-93b7-71d82bb44c08 Q0 uk11 11 3 CoTagRankSentenceUSE
science0ec2c419-7d17-45a5-93b7-71d82bb44c08 Q0 uk12 12 2 CoTagRankSentenceUSE
science0ec2c419-7d17-45a5-93b7-71d82bb44c08 Q0 uk13 13 1 CoTagRankSentenceUSE
science0eccfbd9-6076-429c-a72e-e5c65082932c Q0 k0 1 13 CoTagRankSentenceUSE
science0eccfbd9-6076-429c-a72e-e5c65082932c Q0 uk6 2 12 CoTagRankSentenceUSE
science0eccfbd9-6076-429c-a72e-e5c65082932c Q0 uk7 3 11 CoTagRankSentenceUSE
science0eccfbd9-6076-429c-a72e-e5c65082932c Q0 k3 4 10 CoTagRankSentenceUSE
science0eccfbd9-6076-429c-a72e-e5c65082932c Q0 k1 5 9 CoTagRankSentenceUSE
science0eccfbd9-6076-429c-a72e-e5c65082932c Q0 uk8 6 8 CoTagRankSentenceUSE
science0eccfbd9-6076-429c-a72e-e5c65082932c Q0 uk9 7 7 CoTagRankSentenceUSE
science0eccfbd9-6076-429c-a72e-e5c65082932c Q0 uk10 8 6 CoTagRankSentenceUSE
science0eccfbd9-6076-429c-a72e-e5c65082932c Q0 uk11 9 5 CoTagRankSentenceUSE
science0eccfbd9-6076-429c-a72e-e5c65082932c Q0 uk12 10 4 CoTagRankSentenceUSE
science0eccfbd9-6076-429c-a72e-e5c65082932c Q0 uk13 11 3 CoTagRankSentenceUSE
science0eccfbd9-6076-429c-a72e-e5c65082932c Q0 uk14 12 2 CoTagRankSentenceUSE
science0eccfbd9-6076-429c-a72e-e5c65082932c Q0 uk15 13 1 CoTagRankSentenceUSE
science0ee0208b-91cd-49b8-b487-b2f86c7bc091 Q0 k0 1 13 CoTagRankSentenceUSE
science0ee0208b-91cd-49b8-b487-b2f86c7bc091 Q0 k1 2 12 CoTagRankSentenceUSE
science0ee0208b-91cd-49b8-b487-b2f86c7bc091 Q0 uk8 3 11 CoTagRankSentenceUSE
science0ee0208b-91cd-49b8-b487-b2f86c7bc091 Q0 k2 4 10 CoTagRankSentenceUSE
science0ee0208b-91cd-49b8-b487-b2f86c7bc091 Q0 uk9 5 9 CoTagRankSentenceUSE
science0ee0208b-91cd-49b8-b487-b2f86c7bc091 Q0 k3 6 8 CoTagRankSentenceUSE
science0ee0208b-91cd-49b8-b487-b2f86c7bc091 Q0 uk10 7 7 CoTagRankSentenceUSE
science0ee0208b-91cd-49b8-b487-b2f86c7bc091 Q0 k5 8 6 CoTagRankSentenceUSE
science0ee0208b-91cd-49b8-b487-b2f86c7bc091 Q0 uk11 9 5 CoTagRankSentenceUSE
science0ee0208b-91cd-49b8-b487-b2f86c7bc091 Q0 k4 10 4 CoTagRankSentenceUSE
science0ee0208b-91cd-49b8-b487-b2f86c7bc091 Q0 uk12 11 3 CoTagRankSentenceUSE
science0ee0208b-91cd-49b8-b487-b2f86c7bc091 Q0 uk13 12 2 CoTagRankSentenceUSE
science0ee0208b-91cd-49b8-b487-b2f86c7bc091 Q0 uk14 13 1 CoTagRankSentenceUSE
science0efbb887-7c9f-4396-8ff1-7fafa62098e7 Q0 uk7 1 14 CoTagRankSentenceUSE
science0efbb887-7c9f-4396-8ff1-7fafa62098e7 Q0 k0 2 13 CoTagRankSentenceUSE
science0efbb887-7c9f-4396-8ff1-7fafa62098e7 Q0 uk8 3 12 CoTagRankSentenceUSE
science0efbb887-7c9f-4396-8ff1-7fafa62098e7 Q0 k2 4 11 CoTagRankSentenceUSE
science0efbb887-7c9f-4396-8ff1-7fafa62098e7 Q0 k1 5 10 CoTagRankSentenceUSE
science0efbb887-7c9f-4396-8ff1-7fafa62098e7 Q0 k3 6 9 CoTagRankSentenceUSE
science0efbb887-7c9f-4396-8ff1-7fafa62098e7 Q0 uk9 7 8 CoTagRankSentenceUSE
science0efbb887-7c9f-4396-8ff1-7fafa62098e7 Q0 k4 8 7 CoTagRankSentenceUSE
science0efbb887-7c9f-4396-8ff1-7fafa62098e7 Q0 uk10 9 6 CoTagRankSentenceUSE
science0efbb887-7c9f-4396-8ff1-7fafa62098e7 Q0 uk11 10 5 CoTagRankSentenceUSE
science0efbb887-7c9f-4396-8ff1-7fafa62098e7 Q0 uk12 11 4 CoTagRankSentenceUSE
science0efbb887-7c9f-4396-8ff1-7fafa62098e7 Q0 uk13 12 3 CoTagRankSentenceUSE
science0efbb887-7c9f-4396-8ff1-7fafa62098e7 Q0 uk14 13 2 CoTagRankSentenceUSE
science0efbb887-7c9f-4396-8ff1-7fafa62098e7 Q0 uk15 14 1 CoTagRankSentenceUSE
science_qa33eab9fa-9359-4975-a860-ac7eb3a293e2 Q0 k0 1 6 CoTagRankSentenceUSE
science_qa33eab9fa-9359-4975-a860-ac7eb3a293e2 Q0 k1 2 5 CoTagRankSentenceUSE
science_qa33eab9fa-9359-4975-a860-ac7eb3a293e2 Q0 k2 3 4 CoTagRankSentenceUSE
science_qa33eab9fa-9359-4975-a860-ac7eb3a293e2 Q0 k3 4 3 CoTagRankSentenceUSE
science_qa33eab9fa-9359-4975-a860-ac7eb3a293e2 Q0 uk6 5 2 CoTagRankSentenceUSE
science_qa33eab9fa-9359-4975-a860-ac7eb3a293e2 Q0 uk7 6 1 CoTagRankSentenceUSE
science_qabeb3fa47-33e4-4437-abaa-b255962dc5e6 Q0 k0 1 5 CoTagRankSentenceUSE
science_qabeb3fa47-33e4-4437-abaa-b255962dc5e6 Q0 k1 2 4 CoTagRankSentenceUSE
science_qabeb3fa47-33e4-4437-abaa-b255962dc5e6 Q0 uk3 3 3 CoTagRankSentenceUSE
science_qabeb3fa47-33e4-4437-abaa-b255962dc5e6 Q0 uk4 4 2 CoTagRankSentenceUSE
science_qabeb3fa47-33e4-4437-abaa-b255962dc5e6 Q0 uk5 5 1 CoTagRankSentenceUSE
science_qac57d6e68-79fc-48d6-8158-2e0664fe63ff Q0 k2 1 15 CoTagRankSentenceUSE
science_qac57d6e68-79fc-48d6-8158-2e0664fe63ff Q0 k0 2 14 CoTagRankSentenceUSE
science_qac57d6e68-79fc-48d6-8158-2e0664fe63ff Q0 k1 3 13 CoTagRankSentenceUSE
science_qac57d6e68-79fc-48d6-8158-2e0664fe63ff Q0 uk6 4 12 CoTagRankSentenceUSE
science_qac57d6e68-79fc-48d6-8158-2e0664fe63ff Q0 k3 5 11 CoTagRankSentenceUSE
science_qac57d6e68-79fc-48d6-8158-2e0664fe63ff Q0 uk7 6 10 CoTagRankSentenceUSE
science_qac57d6e68-79fc-48d6-8158-2e0664fe63ff Q0 uk8 7 9 CoTagRankSentenceUSE
science_qac57d6e68-79fc-48d6-8158-2e0664fe63ff Q0 k4 8 8 CoTagRankSentenceUSE
science_qac57d6e68-79fc-48d6-8158-2e0664fe63ff Q0 uk9 9 7 CoTagRankSentenceUSE
science_qac57d6e68-79fc-48d6-8158-2e0664fe63ff Q0 uk10 10 6 CoTagRankSentenceUSE
science_qac57d6e68-79fc-48d6-8158-2e0664fe63ff Q0 uk11 11 5 CoTagRankSentenceUSE
science_qac57d6e68-79fc-48d6-8158-2e0664fe63ff Q0 uk12 12 4 CoTagRankSentenceUSE
science_qac57d6e68-79fc-48d6-8158-2e0664fe63ff Q0 uk13 13 3 CoTagRankSentenceUSE
science_qac57d6e68-79fc-48d6-8158-2e0664fe63ff Q0 uk14 14 2 CoTagRankSentenceUSE
science_qac57d6e68-79fc-48d6-8158-2e0664fe63ff Q0 uk15 15 1 CoTagRankSentenceUSE
science_qac58cb615-f2ca-4210-9032-32b3f5af5eed Q0 k0 1 10 CoTagRankSentenceUSE
science_qac58cb615-f2ca-4210-9032-32b3f5af5eed Q0 k1 2 9 CoTagRankSentenceUSE
science_qac58cb615-f2ca-4210-9032-32b3f5af5eed Q0 uk4 3 8 CoTagRankSentenceUSE
science_qac58cb615-f2ca-4210-9032-32b3f5af5eed Q0 uk5 4 7 CoTagRankSentenceUSE
science_qac58cb615-f2ca-4210-9032-32b3f5af5eed Q0 uk6 5 6 CoTagRankSentenceUSE
science_qac58cb615-f2ca-4210-9032-32b3f5af5eed Q0 uk7 6 5 CoTagRankSentenceUSE
science_qac58cb615-f2ca-4210-9032-32b3f5af5eed Q0 uk8 7 4 CoTagRankSentenceUSE
science_qac58cb615-f2ca-4210-9032-32b3f5af5eed Q0 uk9 8 3 CoTagRankSentenceUSE
science_qac58cb615-f2ca-4210-9032-32b3f5af5eed Q0 uk10 9 2 CoTagRankSentenceUSE
science_qac58cb615-f2ca-4210-9032-32b3f5af5eed Q0 uk11 10 1 CoTagRankSentenceUSE
