archimedes_principle Q0 k2 1 18 CoTagRanks2v
archimedes_principle Q0 k3 2 17 CoTagRanks2v
archimedes_principle Q0 uk7 3 16 CoTagRanks2v
archimedes_principle Q0 uk8 4 15 CoTagRanks2v
archimedes_principle Q0 uk9 5 14 CoTagRanks2v
archimedes_principle Q0 uk10 6 13 CoTagRanks2v
archimedes_principle Q0 uk11 7 12 CoTagRanks2v
archimedes_principle Q0 uk12 8 11 CoTagRanks2v
archimedes_principle Q0 k1 9 10 CoTagRanks2v
archimedes_principle Q0 uk13 10 9 CoTagRanks2v
archimedes_principle Q0 uk14 11 8 CoTagRanks2v
archimedes_principle Q0 uk15 12 7 CoTagRanks2v
archimedes_principle Q0 uk16 13 6 CoTagRanks2v
archimedes_principle Q0 uk17 14 5 CoTagRanks2v
archimedes_principle Q0 uk18 15 4 CoTagRanks2v
archimedes_principle Q0 uk19 16 3 CoTagRanks2v
archimedes_principle Q0 uk20 17 2 CoTagRanks2v
archimedes_principle Q0 uk21 18 1 CoTagRanks2v
biomolecules Q0 uk13 1 20 CoTagRanks2v
biomolecules Q0 k0 2 19 CoTagRanks2v
biomolecules Q0 uk14 3 18 CoTagRanks2v
biomolecules Q0 uk15 4 17 CoTagRanks2v
biomolecules Q0 uk16 5 16 CoTagRanks2v
biomolecules Q0 uk17 6 15 CoTagRanks2v
biomolecules Q0 uk18 7 14 CoTagRanks2v
biomolecules Q0 uk19 8 13 CoTagRanks2v
biomolecules Q0 uk20 9 12 CoTagRanks2v
biomolecules Q0 uk21 10 11 CoTagRanks2v
biomolecules Q0 uk22 11 10 CoTagRanks2v
biomolecules Q0 uk23 12 9 CoTagRanks2v
biomolecules Q0 uk24 13 8 CoTagRanks2v
biomolecules Q0 uk25 14 7 CoTagRanks2v
biomolecules Q0 uk26 15 6 CoTagRanks2v
biomolecules Q0 uk27 16 5 CoTagRanks2v
biomolecules Q0 uk28 17 4 CoTagRanks2v
biomolecules Q0 uk29 18 3 CoTagRanks2v
biomolecules Q0 uk30 19 2 CoTagRanks2v
biomolecules Q0 uk31 20 1 CoTagRanks2v
crack_band_semeval Q0 uk11 1 18 CoTagRanks2v
crack_band_semeval Q0 uk12 2 17 CoTagRanks2v
crack_band_semeval Q0 uk13 3 16 CoTagRanks2v
crack_band_semeval Q0 uk14 4 15 CoTagRanks2v
crack_band_semeval Q0 uk15 5 14 CoTagRanks2v
crack_band_semeval Q0 uk16 6 13 CoTagRanks2v
crack_band_semeval Q0 k5 7 12 CoTagRanks2v
crack_band_semeval Q0 uk17 8 11 CoTagRanks2v
crack_band_semeval Q0 uk18 9 10 CoTagRanks2v
crack_band_semeval Q0 k6 10 9 CoTagRanks2v
crack_band_semeval Q0 uk19 11 8 CoTagRanks2v
crack_band_semeval Q0 uk20 12 7 CoTagRanks2v
crack_band_semeval Q0 uk21 13 6 CoTagRanks2v
crack_band_semeval Q0 uk22 14 5 CoTagRanks2v
crack_band_semeval Q0 uk23 15 4 CoTagRanks2v
crack_band_semeval Q0 uk24 16 3 CoTagRanks2v
crack_band_semeval Q0 uk25 17 2 CoTagRanks2v
crack_band_semeval Q0 uk26 18 1 CoTagRanks2v
exothermic_endothermic Q0 uk7 1 17 CoTagRanks2v
exothermic_endothermic Q0 uk8 2 16 CoTagRanks2v
exothermic_endothermic Q0 k5 3 15 CoTagRanks2v
exothermic_endothermic Q0 uk9 4 14 CoTagRanks2v
exothermic_endothermic Q0 uk10 5 13 CoTagRanks2v
exothermic_endothermic Q0 k1 6 12 CoTagRanks2v
exothermic_endothermic Q0 uk11 7 11 CoTagRanks2v
exothermic_endothermic Q0 uk12 8 10 CoTagRanks2v
exothermic_endothermic Q0 uk13 9 9 CoTagRanks2v
exothermic_endothermic Q0 uk14 10 8 CoTagRanks2v
exothermic_endothermic Q0 uk15 11 7 CoTagRanks2v
exothermic_endothermic Q0 uk16 12 6 CoTagRanks2v
exothermic_endothermic Q0 uk17 13 5 CoTagRanks2v
exothermic_endothermic Q0 uk18 14 4 CoTagRanks2v
exothermic_endothermic Q0 uk19 15 3 CoTagRanks2v
exothermic_endothermic Q0 uk20 16 2 CoTagRanks2v
exothermic_endothermic Q0 uk21 17 1 CoTagRanks2v
lung_cancer Q0 uk8 1 18 CoTagRanks2v
lung_cancer Q0 k2 2 17 CoTagRanks2v
lung_cancer Q0 k0 3 16 CoTagRanks2v
lung_cancer Q0 k1 4 15 CoTagRanks2v
lung_cancer Q0 k3 5 14 CoTagRanks2v
lung_cancer Q0 uk9 6 13 CoTagRanks2v
lung_cancer Q0 k4 7 12 CoTagRanks2v
lung_cancer Q0 k5 8 11 CoTagRanks2v
lung_cancer Q0 uk10 9 10 CoTagRanks2v
lung_cancer Q0 uk11 10 9 CoTagRanks2v
lung_cancer Q0 k7 11 8 CoTagRanks2v
lung_cancer Q0 uk12 12 7 CoTagRanks2v
lung_cancer Q0 uk13 13 6 CoTagRanks2v
lung_cancer Q0 uk14 14 5 CoTagRanks2v
lung_cancer Q0 uk15 15 4 CoTagRanks2v
lung_cancer Q0 uk16 16 3 CoTagRanks2v
lung_cancer Q0 uk17 17 2 CoTagRanks2v
lung_cancer Q0 uk18 18 1 CoTagRanks2v
ph_doc Q0 k3 1 18 CoTagRanks2v
ph_doc Q0 uk7 2 17 CoTagRanks2v
ph_doc Q0 uk8 3 16 CoTagRanks2v
ph_doc Q0 uk9 4 15 CoTagRanks2v
ph_doc Q0 uk10 5 14 CoTagRanks2v
ph_doc Q0 uk11 6 13 CoTagRanks2v
ph_doc Q0 uk12 7 12 CoTagRanks2v
ph_doc Q0 k4 8 11 CoTagRanks2v
ph_doc Q0 uk13 9 10 CoTagRanks2v
ph_doc Q0 uk14 10 9 CoTagRanks2v
ph_doc Q0 uk15 11 8 CoTagRanks2v
ph_doc Q0 uk16 12 7 CoTagRanks2v
ph_doc Q0 uk17 13 6 CoTagRanks2v
ph_doc Q0 uk18 14 5 CoTagRanks2v
ph_doc Q0 uk19 15 4 CoTagRanks2v
ph_doc Q0 uk20 16 3 CoTagRanks2v
ph_doc Q0 uk21 17 2 CoTagRanks2v
ph_doc Q0 uk22 18 1 CoTagRanks2v
science00ae21bc-8b61-45f9-b97f-178a6a80281c Q0 uk4 1 18 CoTagRanks2v
science00ae21bc-8b61-45f9-b97f-178a6a80281c Q0 uk5 2 17 CoTagRanks2v
science00ae21bc-8b61-45f9-b97f-178a6a80281c Q0 uk6 3 16 CoTagRanks2v
science00ae21bc-8b61-45f9-b97f-178a6a80281c Q0 uk7 4 15 CoTagRanks2v
science00ae21bc-8b61-45f9-b97f-178a6a80281c Q0 uk8 5 14 CoTagRanks2v
science00ae21bc-8b61-45f9-b97f-178a6a80281c Q0 uk9 6 13 CoTagRanks2v
science00ae21bc-8b61-45f9-b97f-178a6a80281c Q0 uk10 7 12 CoTagRanks2v
science00ae21bc-8b61-45f9-b97f-178a6a80281c Q0 uk11 8 11 CoTagRanks2v
science00ae21bc-8b61-45f9-b97f-178a6a80281c Q0 uk12 9 10 CoTagRanks2v
science00ae21bc-8b61-45f9-b97f-178a6a80281c Q0 k0 10 9 CoTagRanks2v
science00ae21bc-8b61-45f9-b97f-178a6a80281c Q0 uk13 11 8 CoTagRanks2v
science00ae21bc-8b61-45f9-b97f-178a6a80281c Q0 uk14 12 7 CoTagRanks2v
science00ae21bc-8b61-45f9-b97f-178a6a80281c Q0 uk15 13 6 CoTagRanks2v
science00ae21bc-8b61-45f9-b97f-178a6a80281c Q0 uk16 14 5 CoTagRanks2v
science00ae21bc-8b61-45f9-b97f-178a6a80281c Q0 uk17 15 4 CoTagRanks2v
science00ae21bc-8b61-45f9-b97f-178a6a80281c Q0 uk18 16 3 CoTagRanks2v
science00ae21bc-8b61-45f9-b97f-178a6a80281c Q0 uk19 17 2 CoTagRanks2v
science00ae21bc-8b61-45f9-b97f-178a6a80281c Q0 uk20 18 1 CoTagRanks2v
science00afee9b-882c-4fc7-b655-4d2892885722 Q0 k6 1 17 CoTagRanks2v
science00afee9b-882c-4fc7-b655-4d2892885722 Q0 uk11 2 16 CoTagRanks2v
science00afee9b-882c-4fc7-b655-4d2892885722 Q0 uk12 3 15 CoTagRanks2v
science00afee9b-882c-4fc7-b655-4d2892885722 Q0 k7 4 14 CoTagRanks2v
science00afee9b-882c-4fc7-b655-4d2892885722 Q0 k1 5 13 CoTagRanks2v
science00afee9b-882c-4fc7-b655-4d2892885722 Q0 uk13 6 12 CoTagRanks2v
science00afee9b-882c-4fc7-b655-4d2892885722 Q0 k0 7 11 CoTagRanks2v
science00afee9b-882c-4fc7-b655-4d2892885722 Q0 uk14 8 10 CoTagRanks2v
science00afee9b-882c-4fc7-b655-4d2892885722 Q0 uk15 9 9 CoTagRanks2v
science00afee9b-882c-4fc7-b655-4d2892885722 Q0 uk16 10 8 CoTagRanks2v
science00afee9b-882c-4fc7-b655-4d2892885722 Q0 uk17 11 7 CoTagRanks2v
science00afee9b-882c-4fc7-b655-4d2892885722 Q0 uk18 12 6 CoTagRanks2v
science00afee9b-882c-4fc7-b655-4d2892885722 Q0 k9 13 5 CoTagRanks2v
science00afee9b-882c-4fc7-b655-4d2892885722 Q0 uk19 14 4 CoTagRanks2v
science00afee9b-882c-4fc7-b655-4d2892885722 Q0 uk20 15 3 CoTagRanks2v
science00afee9b-882c-4fc7-b655-4d2892885722 Q0 uk21 16 2 CoTagRanks2v
science00afee9b-882c-4fc7-b655-4d2892885722 Q0 uk22 17 1 CoTagRanks2v
science0a430497-f28e-40dc-aa3f-88f1b597017a Q0 uk7 1 19 CoTagRanks2v
science0a430497-f28e-40dc-aa3f-88f1b597017a Q0 uk8 2 18 CoTagRanks2v
science0a430497-f28e-40dc-aa3f-88f1b597017a Q0 uk9 3 17 CoTagRanks2v
science0a430497-f28e-40dc-aa3f-88f1b597017a Q0 uk10 4 16 CoTagRanks2v
science0a430497-f28e-40dc-aa3f-88f1b597017a Q0 uk11 5 15 CoTagRanks2v
science0a430497-f28e-40dc-aa3f-88f1b597017a Q0 uk12 6 14 CoTagRanks2v
science0a430497-f28e-40dc-aa3f-88f1b597017a Q0 uk13 7 13 CoTagRanks2v
science0a430497-f28e-40dc-aa3f-88f1b597017a Q0 k3 8 12 CoTagRanks2v
science0a430497-f28e-40dc-aa3f-88f1b597017a Q0 k4 9 11 CoTagRanks2v
science0a430497-f28e-40dc-aa3f-88f1b597017a Q0 k0 10 10 CoTagRanks2v
science0a430497-f28e-40dc-aa3f-88f1b597017a Q0 uk14 11 9 CoTagRanks2v
science0a430497-f28e-40dc-aa3f-88f1b597017a Q0 uk15 12 8 CoTagRanks2v
science0a430497-f28e-40dc-aa3f-88f1b597017a Q0 uk16 13 7 CoTagRanks2v
science0a430497-f28e-40dc-aa3f-88f1b597017a Q0 uk17 14 6 CoTagRanks2v
science0a430497-f28e-40dc-aa3f-88f1b597017a Q0 uk18 15 5 CoTagRanks2v
science0a430497-f28e-40dc-aa3f-88f1b597017a Q0 uk19 16 4 CoTagRanks2v
science0a430497-f28e-40dc-aa3f-88f1b597017a Q0 uk20 17 3 CoTagRanks2v
science0a430497-f28e-40dc-aa3f-88f1b597017a Q0 uk21 18 2 CoTagRanks2v
science0a430497-f28e-40dc-aa3f-88f1b597017a Q0 uk22 19 1 CoTagRanks2v
science0aa30d4b-107a-4d79-bad0-6d3e9145d34e Q0 uk7 1 19 CoTagRanks2v
science0aa30d4b-107a-4d79-bad0-6d3e9145d34e Q0 uk8 2 18 CoTagRanks2v
science0aa30d4b-107a-4d79-bad0-6d3e9145d34e Q0 uk9 3 17 CoTagRanks2v
science0aa30d4b-107a-4d79-bad0-6d3e9145d34e Q0 uk10 4 16 CoTagRanks2v
science0aa30d4b-107a-4d79-bad0-6d3e9145d34e Q0 uk11 5 15 CoTagRanks2v
science0aa30d4b-107a-4d79-bad0-6d3e9145d34e Q0 uk12 6 14 CoTagRanks2v
science0aa30d4b-107a-4d79-bad0-6d3e9145d34e Q0 uk13 7 13 CoTagRanks2v
science0aa30d4b-107a-4d79-bad0-6d3e9145d34e Q0 uk14 8 12 CoTagRanks2v
science0aa30d4b-107a-4d79-bad0-6d3e9145d34e Q0 uk15 9 11 CoTagRanks2v
science0aa30d4b-107a-4d79-bad0-6d3e9145d34e Q0 uk16 10 10 CoTagRanks2v
science0aa30d4b-107a-4d79-bad0-6d3e9145d34e Q0 uk17 11 9 CoTagRanks2v
science0aa30d4b-107a-4d79-bad0-6d3e9145d34e Q0 uk18 12 8 CoTagRanks2v
science0aa30d4b-107a-4d79-bad0-6d3e9145d34e Q0 uk19 13 7 CoTagRanks2v
science0aa30d4b-107a-4d79-bad0-6d3e9145d34e Q0 uk20 14 6 CoTagRanks2v
science0aa30d4b-107a-4d79-bad0-6d3e9145d34e Q0 uk21 15 5 CoTagRanks2v
science0aa30d4b-107a-4d79-bad0-6d3e9145d34e Q0 uk22 16 4 CoTagRanks2v
science0aa30d4b-107a-4d79-bad0-6d3e9145d34e Q0 uk23 17 3 CoTagRanks2v
science0aa30d4b-107a-4d79-bad0-6d3e9145d34e Q0 uk24 18 2 CoTagRanks2v
science0aa30d4b-107a-4d79-bad0-6d3e9145d34e Q0 uk25 19 1 CoTagRanks2v
science0aaf8337-078e-4ba9-be75-ed70624408f3 Q0 uk10 1 19 CoTagRanks2v
science0aaf8337-078e-4ba9-be75-ed70624408f3 Q0 uk11 2 18 CoTagRanks2v
science0aaf8337-078e-4ba9-be75-ed70624408f3 Q0 uk12 3 17 CoTagRanks2v
science0aaf8337-078e-4ba9-be75-ed70624408f3 Q0 uk13 4 16 CoTagRanks2v
science0aaf8337-078e-4ba9-be75-ed70624408f3 Q0 uk14 5 15 CoTagRanks2v
science0aaf8337-078e-4ba9-be75-ed70624408f3 Q0 uk15 6 14 CoTagRanks2v
science0aaf8337-078e-4ba9-be75-ed70624408f3 Q0 uk16 7 13 CoTagRanks2v
science0aaf8337-078e-4ba9-be75-ed70624408f3 Q0 uk17 8 12 CoTagRanks2v
science0aaf8337-078e-4ba9-be75-ed70624408f3 Q0 uk18 9 11 CoTagRanks2v
science0aaf8337-078e-4ba9-be75-ed70624408f3 Q0 uk19 10 10 CoTagRanks2v
science0aaf8337-078e-4ba9-be75-ed70624408f3 Q0 uk20 11 9 CoTagRanks2v
science0aaf8337-078e-4ba9-be75-ed70624408f3 Q0 uk21 12 8 CoTagRanks2v
science0aaf8337-078e-4ba9-be75-ed70624408f3 Q0 uk22 13 7 CoTagRanks2v
science0aaf8337-078e-4ba9-be75-ed70624408f3 Q0 uk23 14 6 CoTagRanks2v
science0aaf8337-078e-4ba9-be75-ed70624408f3 Q0 uk24 15 5 CoTagRanks2v
science0aaf8337-078e-4ba9-be75-ed70624408f3 Q0 uk25 16 4 CoTagRanks2v
science0aaf8337-078e-4ba9-be75-ed70624408f3 Q0 uk26 17 3 CoTagRanks2v
science0aaf8337-078e-4ba9-be75-ed70624408f3 Q0 uk27 18 2 CoTagRanks2v
science0aaf8337-078e-4ba9-be75-ed70624408f3 Q0 uk28 19 1 CoTagRanks2v
science0ac26d73-a314-43fd-ab1d-5456e1c98208 Q0 uk6 1 19 CoTagRanks2v
science0ac26d73-a314-43fd-ab1d-5456e1c98208 Q0 uk7 2 18 CoTagRanks2v
science0ac26d73-a314-43fd-ab1d-5456e1c98208 Q0 uk8 3 17 CoTagRanks2v
science0ac26d73-a314-43fd-ab1d-5456e1c98208 Q0 uk9 4 16 CoTagRanks2v
science0ac26d73-a314-43fd-ab1d-5456e1c98208 Q0 uk10 5 15 CoTagRanks2v
science0ac26d73-a314-43fd-ab1d-5456e1c98208 Q0 uk11 6 14 CoTagRanks2v
science0ac26d73-a314-43fd-ab1d-5456e1c98208 Q0 uk12 7 13 CoTagRanks2v
science0ac26d73-a314-43fd-ab1d-5456e1c98208 Q0 k2 8 12 CoTagRanks2v
science0ac26d73-a314-43fd-ab1d-5456e1c98208 Q0 uk13 9 11 CoTagRanks2v
science0ac26d73-a314-43fd-ab1d-5456e1c98208 Q0 uk14 10 10 CoTagRanks2v
science0ac26d73-a314-43fd-ab1d-5456e1c98208 Q0 uk15 11 9 CoTagRanks2v
science0ac26d73-a314-43fd-ab1d-5456e1c98208 Q0 uk16 12 8 CoTagRanks2v
science0ac26d73-a314-43fd-ab1d-5456e1c98208 Q0 uk17 13 7 CoTagRanks2v
science0ac26d73-a314-43fd-ab1d-5456e1c98208 Q0 uk18 14 6 CoTagRanks2v
science0ac26d73-a314-43fd-ab1d-5456e1c98208 Q0 uk19 15 5 CoTagRanks2v
science0ac26d73-a314-43fd-ab1d-5456e1c98208 Q0 uk20 16 4 CoTagRanks2v
science0ac26d73-a314-43fd-ab1d-5456e1c98208 Q0 uk21 17 3 CoTagRanks2v
science0ac26d73-a314-43fd-ab1d-5456e1c98208 Q0 uk22 18 2 CoTagRanks2v
science0ac26d73-a314-43fd-ab1d-5456e1c98208 Q0 uk23 19 1 CoTagRanks2v
science0ac4f68b-7929-4cf5-8bba-8e6ee9a0d856 Q0 uk5 1 19 CoTagRanks2v
science0ac4f68b-7929-4cf5-8bba-8e6ee9a0d856 Q0 uk6 2 18 CoTagRanks2v
science0ac4f68b-7929-4cf5-8bba-8e6ee9a0d856 Q0 uk7 3 17 CoTagRanks2v
science0ac4f68b-7929-4cf5-8bba-8e6ee9a0d856 Q0 uk8 4 16 CoTagRanks2v
science0ac4f68b-7929-4cf5-8bba-8e6ee9a0d856 Q0 uk9 5 15 CoTagRanks2v
science0ac4f68b-7929-4cf5-8bba-8e6ee9a0d856 Q0 uk10 6 14 CoTagRanks2v
science0ac4f68b-7929-4cf5-8bba-8e6ee9a0d856 Q0 uk11 7 13 CoTagRanks2v
science0ac4f68b-7929-4cf5-8bba-8e6ee9a0d856 Q0 uk12 8 12 CoTagRanks2v
science0ac4f68b-7929-4cf5-8bba-8e6ee9a0d856 Q0 uk13 9 11 CoTagRanks2v
science0ac4f68b-7929-4cf5-8bba-8e6ee9a0d856 Q0 uk14 10 10 CoTagRanks2v
science0ac4f68b-7929-4cf5-8bba-8e6ee9a0d856 Q0 uk15 11 9 CoTagRanks2v
science0ac4f68b-7929-4cf5-8bba-8e6ee9a0d856 Q0 uk16 12 8 CoTagRanks2v
science0ac4f68b-7929-4cf5-8bba-8e6ee9a0d856 Q0 uk17 13 7 CoTagRanks2v
science0ac4f68b-7929-4cf5-8bba-8e6ee9a0d856 Q0 uk18 14 6 CoTagRanks2v
science0ac4f68b-7929-4cf5-8bba-8e6ee9a0d856 Q0 uk19 15 5 CoTagRanks2v
science0ac4f68b-7929-4cf5-8bba-8e6ee9a0d856 Q0 uk20 16 4 CoTagRanks2v
science0ac4f68b-7929-4cf5-8bba-8e6ee9a0d856 Q0 uk21 17 3 CoTagRanks2v
science0ac4f68b-7929-4cf5-8bba-8e6ee9a0d856 Q0 uk22 18 2 CoTagRanks2v
science0ac4f68b-7929-4cf5-8bba-8e6ee9a0d856 Q0 uk23 19 1 CoTagRanks2v
science0afdc4cf-a0b9-424d-adc8-14955f2c3638 Q0 k3 1 18 CoTagRanks2v
science0afdc4cf-a0b9-424d-adc8-14955f2c3638 Q0 k2 2 17 CoTagRanks2v
science0afdc4cf-a0b9-424d-adc8-14955f2c3638 Q0 uk12 3 16 CoTagRanks2v
science0afdc4cf-a0b9-424d-adc8-14955f2c3638 Q0 k6 4 15 CoTagRanks2v
science0afdc4cf-a0b9-424d-adc8-14955f2c3638 Q0 k4 5 14 CoTagRanks2v
science0afdc4cf-a0b9-424d-adc8-14955f2c3638 Q0 uk13 6 13 CoTagRanks2v
science0afdc4cf-a0b9-424d-adc8-14955f2c3638 Q0 k1 7 12 CoTagRanks2v
science0afdc4cf-a0b9-424d-adc8-14955f2c3638 Q0 k8 8 11 CoTagRanks2v
science0afdc4cf-a0b9-424d-adc8-14955f2c3638 Q0 k5 9 10 CoTagRanks2v
science0afdc4cf-a0b9-424d-adc8-14955f2c3638 Q0 k0 10 9 CoTagRanks2v
science0afdc4cf-a0b9-424d-adc8-14955f2c3638 Q0 uk14 11 8 CoTagRanks2v
science0afdc4cf-a0b9-424d-adc8-14955f2c3638 Q0 uk15 12 7 CoTagRanks2v
science0afdc4cf-a0b9-424d-adc8-14955f2c3638 Q0 uk16 13 6 CoTagRanks2v
science0afdc4cf-a0b9-424d-adc8-14955f2c3638 Q0 k10 14 5 CoTagRanks2v
science0afdc4cf-a0b9-424d-adc8-14955f2c3638 Q0 uk17 15 4 CoTagRanks2v
science0afdc4cf-a0b9-424d-adc8-14955f2c3638 Q0 k9 16 3 CoTagRanks2v
science0afdc4cf-a0b9-424d-adc8-14955f2c3638 Q0 uk18 17 2 CoTagRanks2v
science0afdc4cf-a0b9-424d-adc8-14955f2c3638 Q0 uk19 18 1 CoTagRanks2v
science0b0ef249-9131-4961-89ff-1f0b0cf44b2c Q0 uk8 1 19 CoTagRanks2v
science0b0ef249-9131-4961-89ff-1f0b0cf44b2c Q0 k0 2 18 CoTagRanks2v
science0b0ef249-9131-4961-89ff-1f0b0cf44b2c Q0 uk9 3 17 CoTagRanks2v
science0b0ef249-9131-4961-89ff-1f0b0cf44b2c Q0 uk10 4 16 CoTagRanks2v
science0b0ef249-9131-4961-89ff-1f0b0cf44b2c Q0 uk11 5 15 CoTagRanks2v
science0b0ef249-9131-4961-89ff-1f0b0cf44b2c Q0 uk12 6 14 CoTagRanks2v
science0b0ef249-9131-4961-89ff-1f0b0cf44b2c Q0 uk13 7 13 CoTagRanks2v
science0b0ef249-9131-4961-89ff-1f0b0cf44b2c Q0 k2 8 12 CoTagRanks2v
science0b0ef249-9131-4961-89ff-1f0b0cf44b2c Q0 k4 9 11 CoTagRanks2v
science0b0ef249-9131-4961-89ff-1f0b0cf44b2c Q0 uk14 10 10 CoTagRanks2v
science0b0ef249-9131-4961-89ff-1f0b0cf44b2c Q0 uk15 11 9 CoTagRanks2v
science0b0ef249-9131-4961-89ff-1f0b0cf44b2c Q0 uk16 12 8 CoTagRanks2v
science0b0ef249-9131-4961-89ff-1f0b0cf44b2c Q0 uk17 13 7 CoTagRanks2v
science0b0ef249-9131-4961-89ff-1f0b0cf44b2c Q0 uk18 14 6 CoTagRanks2v
science0b0ef249-9131-4961-89ff-1f0b0cf44b2c Q0 uk19 15 5 CoTagRanks2v
science0b0ef249-9131-4961-89ff-1f0b0cf44b2c Q0 uk20 16 4 CoTagRanks2v
science0b0ef249-9131-4961-89ff-1f0b0cf44b2c Q0 uk21 17 3 CoTagRanks2v
science0b0ef249-9131-4961-89ff-1f0b0cf44b2c Q0 uk22 18 2 CoTagRanks2v
science0b0ef249-9131-4961-89ff-1f0b0cf44b2c Q0 uk23 19 1 CoTagRanks2v
science0b117ba8-d1e9-4f03-b762-f1a10a71683b Q0 k2 1 19 CoTagRanks2v
science0b117ba8-d1e9-4f03-b762-f1a10a71683b Q0 k0 2 18 CoTagRanks2v
science0b117ba8-d1e9-4f03-b762-f1a10a71683b Q0 k1 3 17 CoTagRanks2v
science0b117ba8-d1e9-4f03-b762-f1a10a71683b Q0 uk7 4 16 CoTagRanks2v
science0b117ba8-d1e9-4f03-b762-f1a10a71683b Q0 k4 5 15 CoTagRanks2v
science0b117ba8-d1e9-4f03-b762-f1a10a71683b Q0 uk8 6 14 CoTagRanks2v
science0b117ba8-d1e9-4f03-b762-f1a10a71683b Q0 uk9 7 13 CoTagRanks2v
science0b117ba8-d1e9-4f03-b762-f1a10a71683b Q0 uk10 8 12 CoTagRanks2v
science0b117ba8-d1e9-4f03-b762-f1a10a71683b Q0 uk11 9 11 CoTagRanks2v
science0b117ba8-d1e9-4f03-b762-f1a10a71683b Q0 k3 10 10 CoTagRanks2v
science0b117ba8-d1e9-4f03-b762-f1a10a71683b Q0 uk12 11 9 CoTagRanks2v
science0b117ba8-d1e9-4f03-b762-f1a10a71683b Q0 uk13 12 8 CoTagRanks2v
science0b117ba8-d1e9-4f03-b762-f1a10a71683b Q0 uk14 13 7 CoTagRanks2v
science0b117ba8-d1e9-4f03-b762-f1a10a71683b Q0 uk15 14 6 CoTagRanks2v
science0b117ba8-d1e9-4f03-b762-f1a10a71683b Q0 uk16 15 5 CoTagRanks2v
science0b117ba8-d1e9-4f03-b762-f1a10a71683b Q0 uk17 16 4 CoTagRanks2v
science0b117ba8-d1e9-4f03-b762-f1a10a71683b Q0 uk18 17 3 CoTagRanks2v
science0b117ba8-d1e9-4f03-b762-f1a10a71683b Q0 uk19 18 2 CoTagRanks2v
science0b117ba8-d1e9-4f03-b762-f1a10a71683b Q0 uk20 19 1 CoTagRanks2v
science0b161a08-8eab-4b58-8454-64ca026489ce Q0 uk7 1 18 CoTagRanks2v
science0b161a08-8eab-4b58-8454-64ca026489ce Q0 k3 2 17 CoTagRanks2v
science0b161a08-8eab-4b58-8454-64ca026489ce Q0 k5 3 16 CoTagRanks2v
science0b161a08-8eab-4b58-8454-64ca026489ce Q0 uk8 4 15 CoTagRanks2v
science0b161a08-8eab-4b58-8454-64ca026489ce Q0 k4 5 14 CoTagRanks2v
science0b161a08-8eab-4b58-8454-64ca026489ce Q0 uk9 6 13 CoTagRanks2v
science0b161a08-8eab-4b58-8454-64ca026489ce Q0 uk10 7 12 CoTagRanks2v
science0b161a08-8eab-4b58-8454-64ca026489ce Q0 uk11 8 11 CoTagRanks2v
science0b161a08-8eab-4b58-8454-64ca026489ce Q0 uk12 9 10 CoTagRanks2v
science0b161a08-8eab-4b58-8454-64ca026489ce Q0 uk13 10 9 CoTagRanks2v
science0b161a08-8eab-4b58-8454-64ca026489ce Q0 uk14 11 8 CoTagRanks2v
science0b161a08-8eab-4b58-8454-64ca026489ce Q0 uk15 12 7 CoTagRanks2v
science0b161a08-8eab-4b58-8454-64ca026489ce Q0 uk16 13 6 CoTagRanks2v
science0b161a08-8eab-4b58-8454-64ca026489ce Q0 uk17 14 5 CoTagRanks2v
science0b161a08-8eab-4b58-8454-64ca026489ce Q0 uk18 15 4 CoTagRanks2v
science0b161a08-8eab-4b58-8454-64ca026489ce Q0 uk19 16 3 CoTagRanks2v
science0b161a08-8eab-4b58-8454-64ca026489ce Q0 uk20 17 2 CoTagRanks2v
science0b161a08-8eab-4b58-8454-64ca026489ce Q0 uk21 18 1 CoTagRanks2v
science0b443552-3af3-466a-b065-987fccdcb3ee Q0 uk10 1 18 CoTagRanks2v
science0b443552-3af3-466a-b065-987fccdcb3ee Q0 uk11 2 17 CoTagRanks2v
science0b443552-3af3-466a-b065-987fccdcb3ee Q0 uk12 3 16 CoTagRanks2v
science0b443552-3af3-466a-b065-987fccdcb3ee Q0 k0 4 15 CoTagRanks2v
science0b443552-3af3-466a-b065-987fccdcb3ee Q0 uk13 5 14 CoTagRanks2v
science0b443552-3af3-466a-b065-987fccdcb3ee Q0 uk14 6 13 CoTagRanks2v
science0b443552-3af3-466a-b065-987fccdcb3ee Q0 uk15 7 12 CoTagRanks2v
science0b443552-3af3-466a-b065-987fccdcb3ee Q0 uk16 8 11 CoTagRanks2v
science0b443552-3af3-466a-b065-987fccdcb3ee Q0 uk17 9 10 CoTagRanks2v
science0b443552-3af3-466a-b065-987fccdcb3ee Q0 uk18 10 9 CoTagRanks2v
science0b443552-3af3-466a-b065-987fccdcb3ee Q0 uk19 11 8 CoTagRanks2v
science0b443552-3af3-466a-b065-987fccdcb3ee Q0 uk20 12 7 CoTagRanks2v
science0b443552-3af3-466a-b065-987fccdcb3ee Q0 uk21 13 6 CoTagRanks2v
science0b443552-3af3-466a-b065-987fccdcb3ee Q0 uk22 14 5 CoTagRanks2v
science0b443552-3af3-466a-b065-987fccdcb3ee Q0 uk23 15 4 CoTagRanks2v
science0b443552-3af3-466a-b065-987fccdcb3ee Q0 uk24 16 3 CoTagRanks2v
science0b443552-3af3-466a-b065-987fccdcb3ee Q0 uk25 17 2 CoTagRanks2v
science0b443552-3af3-466a-b065-987fccdcb3ee Q0 uk26 18 1 CoTagRanks2v
science0bc5134d-6181-407f-8c66-bc8017e43d69 Q0 uk6 1 19 CoTagRanks2v
science0bc5134d-6181-407f-8c66-bc8017e43d69 Q0 uk7 2 18 CoTagRanks2v
science0bc5134d-6181-407f-8c66-bc8017e43d69 Q0 uk8 3 17 CoTagRanks2v
science0bc5134d-6181-407f-8c66-bc8017e43d69 Q0 uk9 4 16 CoTagRanks2v
science0bc5134d-6181-407f-8c66-bc8017e43d69 Q0 uk10 5 15 CoTagRanks2v
science0bc5134d-6181-407f-8c66-bc8017e43d69 Q0 uk11 6 14 CoTagRanks2v
science0bc5134d-6181-407f-8c66-bc8017e43d69 Q0 uk12 7 13 CoTagRanks2v
science0bc5134d-6181-407f-8c66-bc8017e43d69 Q0 uk13 8 12 CoTagRanks2v
science0bc5134d-6181-407f-8c66-bc8017e43d69 Q0 uk14 9 11 CoTagRanks2v
science0bc5134d-6181-407f-8c66-bc8017e43d69 Q0 uk15 10 10 CoTagRanks2v
science0bc5134d-6181-407f-8c66-bc8017e43d69 Q0 uk16 11 9 CoTagRanks2v
science0bc5134d-6181-407f-8c66-bc8017e43d69 Q0 uk17 12 8 CoTagRanks2v
science0bc5134d-6181-407f-8c66-bc8017e43d69 Q0 uk18 13 7 CoTagRanks2v
science0bc5134d-6181-407f-8c66-bc8017e43d69 Q0 uk19 14 6 CoTagRanks2v
science0bc5134d-6181-407f-8c66-bc8017e43d69 Q0 uk20 15 5 CoTagRanks2v
science0bc5134d-6181-407f-8c66-bc8017e43d69 Q0 uk21 16 4 CoTagRanks2v
science0bc5134d-6181-407f-8c66-bc8017e43d69 Q0 uk22 17 3 CoTagRanks2v
science0bc5134d-6181-407f-8c66-bc8017e43d69 Q0 uk23 18 2 CoTagRanks2v
science0bc5134d-6181-407f-8c66-bc8017e43d69 Q0 uk24 19 1 CoTagRanks2v
science0e2809e7-e2f7-49bc-8c5b-048d8084da3e Q0 uk7 1 19 CoTagRanks2v
science0e2809e7-e2f7-49bc-8c5b-048d8084da3e Q0 k1 2 18 CoTagRanks2v
science0e2809e7-e2f7-49bc-8c5b-048d8084da3e Q0 uk8 3 17 CoTagRanks2v
science0e2809e7-e2f7-49bc-8c5b-048d8084da3e Q0 uk9 4 16 CoTagRanks2v
science0e2809e7-e2f7-49bc-8c5b-048d8084da3e Q0 uk10 5 15 CoTagRanks2v
science0e2809e7-e2f7-49bc-8c5b-048d8084da3e Q0 uk11 6 14 CoTagRanks2v
science0e2809e7-e2f7-49bc-8c5b-048d8084da3e Q0 uk12 7 13 CoTagRanks2v
science0e2809e7-e2f7-49bc-8c5b-048d8084da3e Q0 uk13 8 12 CoTagRanks2v
science0e2809e7-e2f7-49bc-8c5b-048d8084da3e Q0 uk14 9 11 CoTagRanks2v
science0e2809e7-e2f7-49bc-8c5b-048d8084da3e Q0 uk15 10 10 CoTagRanks2v
science0e2809e7-e2f7-49bc-8c5b-048d8084da3e Q0 uk16 11 9 CoTagRanks2v
science0e2809e7-e2f7-49bc-8c5b-048d8084da3e Q0 uk17 12 8 CoTagRanks2v
science0e2809e7-e2f7-49bc-8c5b-048d8084da3e Q0 uk18 13 7 CoTagRanks2v
science0e2809e7-e2f7-49bc-8c5b-048d8084da3e Q0 uk19 14 6 CoTagRanks2v
science0e2809e7-e2f7-49bc-8c5b-048d8084da3e Q0 uk20 15 5 CoTagRanks2v
science0e2809e7-e2f7-49bc-8c5b-048d8084da3e Q0 uk21 16 4 CoTagRanks2v
science0e2809e7-e2f7-49bc-8c5b-048d8084da3e Q0 uk22 17 3 CoTagRanks2v
science0e2809e7-e2f7-49bc-8c5b-048d8084da3e Q0 uk23 18 2 CoTagRanks2v
science0e2809e7-e2f7-49bc-8c5b-048d8084da3e Q0 uk24 19 1 CoTagRanks2v
science0ea4f7db-eb25-4758-b83e-6a9bdb57d4a3 Q0 k5 1 20 CoTagRanks2v
science0ea4f7db-eb25-4758-b83e-6a9bdb57d4a3 Q0 uk10 2 19 CoTagRanks2v
science0ea4f7db-eb25-4758-b83e-6a9bdb57d4a3 Q0 k3 3 18 CoTagRanks2v
science0ea4f7db-eb25-4758-b83e-6a9bdb57d4a3 Q0 uk11 4 17 CoTagRanks2v
science0ea4f7db-eb25-4758-b83e-6a9bdb57d4a3 Q0 uk12 5 16 CoTagRanks2v
science0ea4f7db-eb25-4758-b83e-6a9bdb57d4a3 Q0 k1 6 15 CoTagRanks2v
science0ea4f7db-eb25-4758-b83e-6a9bdb57d4a3 Q0 k2 7 14 CoTagRanks2v
science0ea4f7db-eb25-4758-b83e-6a9bdb57d4a3 Q0 uk13 8 13 CoTagRanks2v
science0ea4f7db-eb25-4758-b83e-6a9bdb57d4a3 Q0 k0 9 12 CoTagRanks2v
science0ea4f7db-eb25-4758-b83e-6a9bdb57d4a3 Q0 uk14 10 11 CoTagRanks2v
science0ea4f7db-eb25-4758-b83e-6a9bdb57d4a3 Q0 uk15 11 10 CoTagRanks2v
science0ea4f7db-eb25-4758-b83e-6a9bdb57d4a3 Q0 uk16 12 9 CoTagRanks2v
science0ea4f7db-eb25-4758-b83e-6a9bdb57d4a3 Q0 uk17 13 8 CoTagRanks2v
science0ea4f7db-eb25-4758-b83e-6a9bdb57d4a3 Q0 uk18 14 7 CoTagRanks2v
science0ea4f7db-eb25-4758-b83e-6a9bdb57d4a3 Q0 uk19 15 6 CoTagRanks2v
science0ea4f7db-eb25-4758-b83e-6a9bdb57d4a3 Q0 uk20 16 5 CoTagRanks2v
science0ea4f7db-eb25-4758-b83e-6a9bdb57d4a3 Q0 uk21 17 4 CoTagRanks2v
science0ea4f7db-eb25-4758-b83e-6a9bdb57d4a3 Q0 uk22 18 3 CoTagRanks2v
science0ea4f7db-eb25-4758-b83e-6a9bdb57d4a3 Q0 uk23 19 2 CoTagRanks2v
science0ea4f7db-eb25-4758-b83e-6a9bdb57d4a3 Q0 uk24 20 1 CoTagRanks2v
science0ec2c419-7d17-45a5-93b7-71d82bb44c08 Q0 uk8 1 18 CoTagRanks2v
science0ec2c419-7d17-45a5-93b7-71d82bb44c08 Q0 k5 2 17 CoTagRanks2v
science0ec2c419-7d17-45a5-93b7-71d82bb44c08 Q0 uk9 3 16 CoTagRanks2v
science0ec2c419-7d17-45a5-93b7-71d82bb44c08 Q0 uk10 4 15 CoTagRanks2v
science0ec2c419-7d17-45a5-93b7-71d82bb44c08 Q0 uk11 5 14 CoTagRanks2v
science0ec2c419-7d17-45a5-93b7-71d82bb44c08 Q0 uk12 6 13 CoTagRanks2v
science0ec2c419-7d17-45a5-93b7-71d82bb44c08 Q0 uk13 7 12 CoTagRanks2v
science0ec2c419-7d17-45a5-93b7-71d82bb44c08 Q0 uk14 8 11 CoTagRanks2v
science0ec2c419-7d17-45a5-93b7-71d82bb44c08 Q0 uk15 9 10 CoTagRanks2v
science0ec2c419-7d17-45a5-93b7-71d82bb44c08 Q0 uk16 10 9 CoTagRanks2v
science0ec2c419-7d17-45a5-93b7-71d82bb44c08 Q0 uk17 11 8 CoTagRanks2v
science0ec2c419-7d17-45a5-93b7-71d82bb44c08 Q0 uk18 12 7 CoTagRanks2v
science0ec2c419-7d17-45a5-93b7-71d82bb44c08 Q0 uk19 13 6 CoTagRanks2v
science0ec2c419-7d17-45a5-93b7-71d82bb44c08 Q0 uk20 14 5 CoTagRanks2v
science0ec2c419-7d17-45a5-93b7-71d82bb44c08 Q0 uk21 15 4 CoTagRanks2v
science0ec2c419-7d17-45a5-93b7-71d82bb44c08 Q0 uk22 16 3 CoTagRanks2v
science0ec2c419-7d17-45a5-93b7-71d82bb44c08 Q0 uk23 17 2 CoTagRanks2v
science0ec2c419-7d17-45a5-93b7-71d82bb44c08 Q0 uk24 18 1 CoTagRanks2v
science0eccfbd9-6076-429c-a72e-e5c65082932c Q0 uk6 1 18 CoTagRanks2v
science0eccfbd9-6076-429c-a72e-e5c65082932c Q0 k0 2 17 CoTagRanks2v
science0eccfbd9-6076-429c-a72e-e5c65082932c Q0 k3 3 16 CoTagRanks2v
science0eccfbd9-6076-429c-a72e-e5c65082932c Q0 k1 4 15 CoTagRanks2v
science0eccfbd9-6076-429c-a72e-e5c65082932c Q0 uk7 5 14 CoTagRanks2v
science0eccfbd9-6076-429c-a72e-e5c65082932c Q0 uk8 6 13 CoTagRanks2v
science0eccfbd9-6076-429c-a72e-e5c65082932c Q0 uk9 7 12 CoTagRanks2v
science0eccfbd9-6076-429c-a72e-e5c65082932c Q0 uk10 8 11 CoTagRanks2v
science0eccfbd9-6076-429c-a72e-e5c65082932c Q0 uk11 9 10 CoTagRanks2v
science0eccfbd9-6076-429c-a72e-e5c65082932c Q0 uk12 10 9 CoTagRanks2v
science0eccfbd9-6076-429c-a72e-e5c65082932c Q0 k2 11 8 CoTagRanks2v
science0eccfbd9-6076-429c-a72e-e5c65082932c Q0 uk13 12 7 CoTagRanks2v
science0eccfbd9-6076-429c-a72e-e5c65082932c Q0 uk14 13 6 CoTagRanks2v
science0eccfbd9-6076-429c-a72e-e5c65082932c Q0 uk15 14 5 CoTagRanks2v
science0eccfbd9-6076-429c-a72e-e5c65082932c Q0 uk16 15 4 CoTagRanks2v
science0eccfbd9-6076-429c-a72e-e5c65082932c Q0 uk17 16 3 CoTagRanks2v
science0eccfbd9-6076-429c-a72e-e5c65082932c Q0 uk18 17 2 CoTagRanks2v
science0eccfbd9-6076-429c-a72e-e5c65082932c Q0 uk19 18 1 CoTagRanks2v
science0ee0208b-91cd-49b8-b487-b2f86c7bc091 Q0 uk8 1 19 CoTagRanks2v
science0ee0208b-91cd-49b8-b487-b2f86c7bc091 Q0 uk9 2 18 CoTagRanks2v
science0ee0208b-91cd-49b8-b487-b2f86c7bc091 Q0 k5 3 17 CoTagRanks2v
science0ee0208b-91cd-49b8-b487-b2f86c7bc091 Q0 uk10 4 16 CoTagRanks2v
science0ee0208b-91cd-49b8-b487-b2f86c7bc091 Q0 uk11 5 15 CoTagRanks2v
science0ee0208b-91cd-49b8-b487-b2f86c7bc091 Q0 k4 6 14 CoTagRanks2v
science0ee0208b-91cd-49b8-b487-b2f86c7bc091 Q0 uk12 7 13 CoTagRanks2v
science0ee0208b-91cd-49b8-b487-b2f86c7bc091 Q0 k1 8 12 CoTagRanks2v
science0ee0208b-91cd-49b8-b487-b2f86c7bc091 Q0 uk13 9 11 CoTagRanks2v
science0ee0208b-91cd-49b8-b487-b2f86c7bc091 Q0 uk14 10 10 CoTagRanks2v
science0ee0208b-91cd-49b8-b487-b2f86c7bc091 Q0 uk15 11 9 CoTagRanks2v
science0ee0208b-91cd-49b8-b487-b2f86c7bc091 Q0 uk16 12 8 CoTagRanks2v
science0ee0208b-91cd-49b8-b487-b2f86c7bc091 Q0 uk17 13 7 CoTagRanks2v
science0ee0208b-91cd-49b8-b487-b2f86c7bc091 Q0 uk18 14 6 CoTagRanks2v
science0ee0208b-91cd-49b8-b487-b2f86c7bc091 Q0 uk19 15 5 CoTagRanks2v
science0ee0208b-91cd-49b8-b487-b2f86c7bc091 Q0 uk20 16 4 CoTagRanks2v
science0ee0208b-91cd-49b8-b487-b2f86c7bc091 Q0 uk21 17 3 CoTagRanks2v
science0ee0208b-91cd-49b8-b487-b2f86c7bc091 Q0 uk22 18 2 CoTagRanks2v
science0ee0208b-91cd-49b8-b487-b2f86c7bc091 Q0 uk23 19 1 CoTagRanks2v
science0efbb887-7c9f-4396-8ff1-7fafa62098e7 Q0 k0 1 18 CoTagRanks2v
science0efbb887-7c9f-4396-8ff1-7fafa62098e7 Q0 k1 2 17 CoTagRanks2v
science0efbb887-7c9f-4396-8ff1-7fafa62098e7 Q0 uk7 3 16 CoTagRanks2v
science0efbb887-7c9f-4396-8ff1-7fafa62098e7 Q0 uk8 4 15 CoTagRanks2v
science0efbb887-7c9f-4396-8ff1-7fafa62098e7 Q0 uk9 5 14 CoTagRanks2v
science0efbb887-7c9f-4396-8ff1-7fafa62098e7 Q0 uk10 6 13 CoTagRanks2v
science0efbb887-7c9f-4396-8ff1-7fafa62098e7 Q0 uk11 7 12 CoTagRanks2v
science0efbb887-7c9f-4396-8ff1-7fafa62098e7 Q0 uk12 8 11 CoTagRanks2v
science0efbb887-7c9f-4396-8ff1-7fafa62098e7 Q0 uk13 9 10 CoTagRanks2v
science0efbb887-7c9f-4396-8ff1-7fafa62098e7 Q0 uk14 10 9 CoTagRanks2v
science0efbb887-7c9f-4396-8ff1-7fafa62098e7 Q0 uk15 11 8 CoTagRanks2v
science0efbb887-7c9f-4396-8ff1-7fafa62098e7 Q0 uk16 12 7 CoTagRanks2v
science0efbb887-7c9f-4396-8ff1-7fafa62098e7 Q0 uk17 13 6 CoTagRanks2v
science0efbb887-7c9f-4396-8ff1-7fafa62098e7 Q0 uk18 14 5 CoTagRanks2v
science0efbb887-7c9f-4396-8ff1-7fafa62098e7 Q0 uk19 15 4 CoTagRanks2v
science0efbb887-7c9f-4396-8ff1-7fafa62098e7 Q0 uk20 16 3 CoTagRanks2v
science0efbb887-7c9f-4396-8ff1-7fafa62098e7 Q0 uk21 17 2 CoTagRanks2v
science0efbb887-7c9f-4396-8ff1-7fafa62098e7 Q0 uk22 18 1 CoTagRanks2v
science_qa33eab9fa-9359-4975-a860-ac7eb3a293e2 Q0 k1 1 15 CoTagRanks2v
science_qa33eab9fa-9359-4975-a860-ac7eb3a293e2 Q0 k0 2 14 CoTagRanks2v
science_qa33eab9fa-9359-4975-a860-ac7eb3a293e2 Q0 k2 3 13 CoTagRanks2v
science_qa33eab9fa-9359-4975-a860-ac7eb3a293e2 Q0 uk6 4 12 CoTagRanks2v
science_qa33eab9fa-9359-4975-a860-ac7eb3a293e2 Q0 k3 5 11 CoTagRanks2v
science_qa33eab9fa-9359-4975-a860-ac7eb3a293e2 Q0 uk7 6 10 CoTagRanks2v
science_qa33eab9fa-9359-4975-a860-ac7eb3a293e2 Q0 uk8 7 9 CoTagRanks2v
science_qa33eab9fa-9359-4975-a860-ac7eb3a293e2 Q0 k4 8 8 CoTagRanks2v
science_qa33eab9fa-9359-4975-a860-ac7eb3a293e2 Q0 uk9 9 7 CoTagRanks2v
science_qa33eab9fa-9359-4975-a860-ac7eb3a293e2 Q0 uk10 10 6 CoTagRanks2v
science_qa33eab9fa-9359-4975-a860-ac7eb3a293e2 Q0 uk11 11 5 CoTagRanks2v
science_qa33eab9fa-9359-4975-a860-ac7eb3a293e2 Q0 uk12 12 4 CoTagRanks2v
science_qa33eab9fa-9359-4975-a860-ac7eb3a293e2 Q0 uk13 13 3 CoTagRanks2v
science_qa33eab9fa-9359-4975-a860-ac7eb3a293e2 Q0 uk14 14 2 CoTagRanks2v
science_qa33eab9fa-9359-4975-a860-ac7eb3a293e2 Q0 uk15 15 1 CoTagRanks2v
science_qabeb3fa47-33e4-4437-abaa-b255962dc5e6 Q0 uk3 1 14 CoTagRanks2v
science_qabeb3fa47-33e4-4437-abaa-b255962dc5e6 Q0 uk4 2 13 CoTagRanks2v
science_qabeb3fa47-33e4-4437-abaa-b255962dc5e6 Q0 uk5 3 12 CoTagRanks2v
science_qabeb3fa47-33e4-4437-abaa-b255962dc5e6 Q0 k0 4 11 CoTagRanks2v
science_qabeb3fa47-33e4-4437-abaa-b255962dc5e6 Q0 k1 5 10 CoTagRanks2v
science_qabeb3fa47-33e4-4437-abaa-b255962dc5e6 Q0 uk6 6 9 CoTagRanks2v
science_qabeb3fa47-33e4-4437-abaa-b255962dc5e6 Q0 uk7 7 8 CoTagRanks2v
science_qabeb3fa47-33e4-4437-abaa-b255962dc5e6 Q0 uk8 8 7 CoTagRanks2v
science_qabeb3fa47-33e4-4437-abaa-b255962dc5e6 Q0 uk9 9 6 CoTagRanks2v
science_qabeb3fa47-33e4-4437-abaa-b255962dc5e6 Q0 uk10 10 5 CoTagRanks2v
science_qabeb3fa47-33e4-4437-abaa-b255962dc5e6 Q0 uk11 11 4 CoTagRanks2v
science_qabeb3fa47-33e4-4437-abaa-b255962dc5e6 Q0 uk12 12 3 CoTagRanks2v
science_qabeb3fa47-33e4-4437-abaa-b255962dc5e6 Q0 uk13 13 2 CoTagRanks2v
science_qabeb3fa47-33e4-4437-abaa-b255962dc5e6 Q0 uk14 14 1 CoTagRanks2v
science_qac57d6e68-79fc-48d6-8158-2e0664fe63ff Q0 k0 1 20 CoTagRanks2v
science_qac57d6e68-79fc-48d6-8158-2e0664fe63ff Q0 uk6 2 19 CoTagRanks2v
science_qac57d6e68-79fc-48d6-8158-2e0664fe63ff Q0 k4 3 18 CoTagRanks2v
science_qac57d6e68-79fc-48d6-8158-2e0664fe63ff Q0 uk7 4 17 CoTagRanks2v
science_qac57d6e68-79fc-48d6-8158-2e0664fe63ff Q0 uk8 5 16 CoTagRanks2v
science_qac57d6e68-79fc-48d6-8158-2e0664fe63ff Q0 k2 6 15 CoTagRanks2v
science_qac57d6e68-79fc-48d6-8158-2e0664fe63ff Q0 k3 7 14 CoTagRanks2v
science_qac57d6e68-79fc-48d6-8158-2e0664fe63ff Q0 uk9 8 13 CoTagRanks2v
science_qac57d6e68-79fc-48d6-8158-2e0664fe63ff Q0 uk10 9 12 CoTagRanks2v
science_qac57d6e68-79fc-48d6-8158-2e0664fe63ff Q0 uk11 10 11 CoTagRanks2v
science_qac57d6e68-79fc-48d6-8158-2e0664fe63ff Q0 uk12 11 10 CoTagRanks2v
science_qac57d6e68-79fc-48d6-8158-2e0664fe63ff Q0 uk13 12 9 CoTagRanks2v
science_qac57d6e68-79fc-48d6-8158-2e0664fe63ff Q0 uk14 13 8 CoTagRanks2v
science_qac57d6e68-79fc-48d6-8158-2e0664fe63ff Q0 uk15 14 7 CoTagRanks2v
science_qac57d6e68-79fc-48d6-8158-2e0664fe63ff Q0 uk16 15 6 CoTagRanks2v
science_qac57d6e68-79fc-48d6-8158-2e0664fe63ff Q0 uk17 16 5 CoTagRanks2v
science_qac57d6e68-79fc-48d6-8158-2e0664fe63ff Q0 uk18 17 4 CoTagRanks2v
science_qac57d6e68-79fc-48d6-8158-2e0664fe63ff Q0 uk19 18 3 CoTagRanks2v
science_qac57d6e68-79fc-48d6-8158-2e0664fe63ff Q0 uk20 19 2 CoTagRanks2v
science_qac57d6e68-79fc-48d6-8158-2e0664fe63ff Q0 uk21 20 1 CoTagRanks2v
science_qac58cb615-f2ca-4210-9032-32b3f5af5eed Q0 uk4 1 20 CoTagRanks2v
science_qac58cb615-f2ca-4210-9032-32b3f5af5eed Q0 k0 2 19 CoTagRanks2v
science_qac58cb615-f2ca-4210-9032-32b3f5af5eed Q0 k1 3 18 CoTagRanks2v
science_qac58cb615-f2ca-4210-9032-32b3f5af5eed Q0 uk5 4 17 CoTagRanks2v
science_qac58cb615-f2ca-4210-9032-32b3f5af5eed Q0 uk6 5 16 CoTagRanks2v
science_qac58cb615-f2ca-4210-9032-32b3f5af5eed Q0 uk7 6 15 CoTagRanks2v
science_qac58cb615-f2ca-4210-9032-32b3f5af5eed Q0 uk8 7 14 CoTagRanks2v
science_qac58cb615-f2ca-4210-9032-32b3f5af5eed Q0 uk9 8 13 CoTagRanks2v
science_qac58cb615-f2ca-4210-9032-32b3f5af5eed Q0 uk10 9 12 CoTagRanks2v
science_qac58cb615-f2ca-4210-9032-32b3f5af5eed Q0 uk11 10 11 CoTagRanks2v
science_qac58cb615-f2ca-4210-9032-32b3f5af5eed Q0 uk12 11 10 CoTagRanks2v
science_qac58cb615-f2ca-4210-9032-32b3f5af5eed Q0 uk13 12 9 CoTagRanks2v
science_qac58cb615-f2ca-4210-9032-32b3f5af5eed Q0 uk14 13 8 CoTagRanks2v
science_qac58cb615-f2ca-4210-9032-32b3f5af5eed Q0 uk15 14 7 CoTagRanks2v
science_qac58cb615-f2ca-4210-9032-32b3f5af5eed Q0 uk16 15 6 CoTagRanks2v
science_qac58cb615-f2ca-4210-9032-32b3f5af5eed Q0 uk17 16 5 CoTagRanks2v
science_qac58cb615-f2ca-4210-9032-32b3f5af5eed Q0 k3 17 4 CoTagRanks2v
science_qac58cb615-f2ca-4210-9032-32b3f5af5eed Q0 uk18 18 3 CoTagRanks2v
science_qac58cb615-f2ca-4210-9032-32b3f5af5eed Q0 uk19 19 2 CoTagRanks2v
science_qac58cb615-f2ca-4210-9032-32b3f5af5eed Q0 k2 20 1 CoTagRanks2v
