archimedes_principle Q0 k0 1 30 CoTagRankUSE
archimedes_principle Q0 uk7 2 29 CoTagRankUSE
archimedes_principle Q0 uk8 3 28 CoTagRankUSE
archimedes_principle Q0 k1 4 27 CoTagRankUSE
archimedes_principle Q0 k2 5 26 CoTagRankUSE
archimedes_principle Q0 uk9 6 25 CoTagRankUSE
archimedes_principle Q0 uk10 7 24 CoTagRankUSE
archimedes_principle Q0 uk11 8 23 CoTagRankUSE
archimedes_principle Q0 uk12 9 22 CoTagRankUSE
archimedes_principle Q0 k3 10 21 CoTagRankUSE
archimedes_principle Q0 uk13 11 20 CoTagRankUSE
archimedes_principle Q0 uk14 12 19 CoTagRankUSE
archimedes_principle Q0 uk15 13 18 CoTagRankUSE
archimedes_principle Q0 uk16 14 17 CoTagRankUSE
archimedes_principle Q0 uk17 15 16 CoTagRankUSE
archimedes_principle Q0 uk18 16 15 CoTagRankUSE
archimedes_principle Q0 k4 17 14 CoTagRankUSE
archimedes_principle Q0 k5 18 13 CoTagRankUSE
archimedes_principle Q0 uk19 19 12 CoTagRankUSE
archimedes_principle Q0 uk20 20 11 CoTagRankUSE
archimedes_principle Q0 uk21 21 10 CoTagRankUSE
archimedes_principle Q0 uk22 22 9 CoTagRankUSE
archimedes_principle Q0 uk23 23 8 CoTagRankUSE
archimedes_principle Q0 uk24 24 7 CoTagRankUSE
archimedes_principle Q0 uk25 25 6 CoTagRankUSE
archimedes_principle Q0 uk26 26 5 CoTagRankUSE
archimedes_principle Q0 uk27 27 4 CoTagRankUSE
archimedes_principle Q0 uk28 28 3 CoTagRankUSE
archimedes_principle Q0 uk29 29 2 CoTagRankUSE
archimedes_principle Q0 uk30 30 1 CoTagRankUSE
biomolecules Q0 k0 1 25 CoTagRankUSE
biomolecules Q0 k1 2 24 CoTagRankUSE
biomolecules Q0 k2 3 23 CoTagRankUSE
biomolecules Q0 k3 4 22 CoTagRankUSE
biomolecules Q0 k4 5 21 CoTagRankUSE
biomolecules Q0 uk13 6 20 CoTagRankUSE
biomolecules Q0 k5 7 19 CoTagRankUSE
biomolecules Q0 uk14 8 18 CoTagRankUSE
biomolecules Q0 uk15 9 17 CoTagRankUSE
biomolecules Q0 uk16 10 16 CoTagRankUSE
biomolecules Q0 uk17 11 15 CoTagRankUSE
biomolecules Q0 uk18 12 14 CoTagRankUSE
biomolecules Q0 uk19 13 13 CoTagRankUSE
biomolecules Q0 k10 14 12 CoTagRankUSE
biomolecules Q0 k6 15 11 CoTagRankUSE
biomolecules Q0 k8 16 10 CoTagRankUSE
biomolecules Q0 k7 17 9 CoTagRankUSE
biomolecules Q0 uk20 18 8 CoTagRankUSE
biomolecules Q0 k9 19 7 CoTagRankUSE
biomolecules Q0 uk21 20 6 CoTagRankUSE
biomolecules Q0 k12 21 5 CoTagRankUSE
biomolecules Q0 uk22 22 4 CoTagRankUSE
biomolecules Q0 uk23 23 3 CoTagRankUSE
biomolecules Q0 uk24 24 2 CoTagRankUSE
biomolecules Q0 uk25 25 1 CoTagRankUSE
crack_band_semeval Q0 k0 1 30 CoTagRankUSE
crack_band_semeval Q0 k1 2 29 CoTagRankUSE
crack_band_semeval Q0 k2 3 28 CoTagRankUSE
crack_band_semeval Q0 uk11 4 27 CoTagRankUSE
crack_band_semeval Q0 k3 5 26 CoTagRankUSE
crack_band_semeval Q0 k4 6 25 CoTagRankUSE
crack_band_semeval Q0 uk12 7 24 CoTagRankUSE
crack_band_semeval Q0 k5 8 23 CoTagRankUSE
crack_band_semeval Q0 uk13 9 22 CoTagRankUSE
crack_band_semeval Q0 k6 10 21 CoTagRankUSE
crack_band_semeval Q0 uk14 11 20 CoTagRankUSE
crack_band_semeval Q0 uk15 12 19 CoTagRankUSE
crack_band_semeval Q0 uk16 13 18 CoTagRankUSE
crack_band_semeval Q0 uk17 14 17 CoTagRankUSE
crack_band_semeval Q0 uk18 15 16 CoTagRankUSE
crack_band_semeval Q0 uk19 16 15 CoTagRankUSE
crack_band_semeval Q0 uk20 17 14 CoTagRankUSE
crack_band_semeval Q0 uk21 18 13 CoTagRankUSE
crack_band_semeval Q0 uk22 19 12 CoTagRankUSE
crack_band_semeval Q0 uk23 20 11 CoTagRankUSE
crack_band_semeval Q0 uk24 21 10 CoTagRankUSE
crack_band_semeval Q0 k7 22 9 CoTagRankUSE
crack_band_semeval Q0 uk25 23 8 CoTagRankUSE
crack_band_semeval Q0 k8 24 7 CoTagRankUSE
crack_band_semeval Q0 k9 25 6 CoTagRankUSE
crack_band_semeval Q0 uk26 26 5 CoTagRankUSE
crack_band_semeval Q0 uk27 27 4 CoTagRankUSE
crack_band_semeval Q0 k10 28 3 CoTagRankUSE
crack_band_semeval Q0 uk28 29 2 CoTagRankUSE
crack_band_semeval Q0 uk29 30 1 CoTagRankUSE
exothermic_endothermic Q0 k0 1 23 CoTagRankUSE
exothermic_endothermic Q0 k1 2 22 CoTagRankUSE
exothermic_endothermic Q0 k2 3 21 CoTagRankUSE
exothermic_endothermic Q0 k3 4 20 CoTagRankUSE
exothermic_endothermic Q0 k4 5 19 CoTagRankUSE
exothermic_endothermic Q0 uk7 6 18 CoTagRankUSE
exothermic_endothermic Q0 k5 7 17 CoTagRankUSE
exothermic_endothermic Q0 uk8 8 16 CoTagRankUSE
exothermic_endothermic Q0 uk9 9 15 CoTagRankUSE
exothermic_endothermic Q0 uk10 10 14 CoTagRankUSE
exothermic_endothermic Q0 uk11 11 13 CoTagRankUSE
exothermic_endothermic Q0 uk12 12 12 CoTagRankUSE
exothermic_endothermic Q0 uk13 13 11 CoTagRankUSE
exothermic_endothermic Q0 uk14 14 10 CoTagRankUSE
exothermic_endothermic Q0 uk15 15 9 CoTagRankUSE
exothermic_endothermic Q0 uk16 16 8 CoTagRankUSE
exothermic_endothermic Q0 uk17 17 7 CoTagRankUSE
exothermic_endothermic Q0 uk18 18 6 CoTagRankUSE
exothermic_endothermic Q0 k6 19 5 CoTagRankUSE
exothermic_endothermic Q0 uk19 20 4 CoTagRankUSE
exothermic_endothermic Q0 uk20 21 3 CoTagRankUSE
exothermic_endothermic Q0 uk21 22 2 CoTagRankUSE
exothermic_endothermic Q0 uk22 23 1 CoTagRankUSE
lung_cancer Q0 k0 1 27 CoTagRankUSE
lung_cancer Q0 k1 2 26 CoTagRankUSE
lung_cancer Q0 k2 3 25 CoTagRankUSE
lung_cancer Q0 k3 4 24 CoTagRankUSE
lung_cancer Q0 k4 5 23 CoTagRankUSE
lung_cancer Q0 uk8 6 22 CoTagRankUSE
lung_cancer Q0 uk9 7 21 CoTagRankUSE
lung_cancer Q0 k5 8 20 CoTagRankUSE
lung_cancer Q0 k6 9 19 CoTagRankUSE
lung_cancer Q0 uk10 10 18 CoTagRankUSE
lung_cancer Q0 uk11 11 17 CoTagRankUSE
lung_cancer Q0 uk12 12 16 CoTagRankUSE
lung_cancer Q0 uk13 13 15 CoTagRankUSE
lung_cancer Q0 uk14 14 14 CoTagRankUSE
lung_cancer Q0 uk15 15 13 CoTagRankUSE
lung_cancer Q0 uk16 16 12 CoTagRankUSE
lung_cancer Q0 k7 17 11 CoTagRankUSE
lung_cancer Q0 uk17 18 10 CoTagRankUSE
lung_cancer Q0 uk18 19 9 CoTagRankUSE
lung_cancer Q0 uk19 20 8 CoTagRankUSE
lung_cancer Q0 uk20 21 7 CoTagRankUSE
lung_cancer Q0 uk21 22 6 CoTagRankUSE
lung_cancer Q0 uk22 23 5 CoTagRankUSE
lung_cancer Q0 uk23 24 4 CoTagRankUSE
lung_cancer Q0 uk24 25 3 CoTagRankUSE
lung_cancer Q0 uk25 26 2 CoTagRankUSE
lung_cancer Q0 uk26 27 1 CoTagRankUSE
ph_doc Q0 k0 1 27 CoTagRankUSE
ph_doc Q0 uk7 2 26 CoTagRankUSE
ph_doc Q0 k1 3 25 CoTagRankUSE
ph_doc Q0 uk8 4 24 CoTagRankUSE
ph_doc Q0 k2 5 23 CoTagRankUSE
ph_doc Q0 k3 6 22 CoTagRankUSE
ph_doc Q0 uk9 7 21 CoTagRankUSE
ph_doc Q0 k4 8 20 CoTagRankUSE
ph_doc Q0 k5 9 19 CoTagRankUSE
ph_doc Q0 uk10 10 18 CoTagRankUSE
ph_doc Q0 uk11 11 17 CoTagRankUSE
ph_doc Q0 uk12 12 16 CoTagRankUSE
ph_doc Q0 uk13 13 15 CoTagRankUSE
ph_doc Q0 uk14 14 14 CoTagRankUSE
ph_doc Q0 uk15 15 13 CoTagRankUSE
ph_doc Q0 uk16 16 12 CoTagRankUSE
ph_doc Q0 uk17 17 11 CoTagRankUSE
ph_doc Q0 uk18 18 10 CoTagRankUSE
ph_doc Q0 uk19 19 9 CoTagRankUSE
ph_doc Q0 uk20 20 8 CoTagRankUSE
ph_doc Q0 uk21 21 7 CoTagRankUSE
ph_doc Q0 uk22 22 6 CoTagRankUSE
ph_doc Q0 k6 23 5 CoTagRankUSE
ph_doc Q0 uk23 24 4 CoTagRankUSE
ph_doc Q0 uk24 25 3 CoTagRankUSE
ph_doc Q0 uk25 26 2 CoTagRankUSE
ph_doc Q0 uk26 27 1 CoTagRankUSE
science00ae21bc-8b61-45f9-b97f-178a6a80281c Q0 uk4 1 27 CoTagRankUSE
science00ae21bc-8b61-45f9-b97f-178a6a80281c Q0 k0 2 26 CoTagRankUSE
science00ae21bc-8b61-45f9-b97f-178a6a80281c Q0 uk5 3 25 CoTagRankUSE
science00ae21bc-8b61-45f9-b97f-178a6a80281c Q0 uk6 4 24 CoTagRankUSE
science00ae21bc-8b61-45f9-b97f-178a6a80281c Q0 uk7 5 23 CoTagRankUSE
science00ae21bc-8b61-45f9-b97f-178a6a80281c Q0 k1 6 22 CoTagRankUSE
science00ae21bc-8b61-45f9-b97f-178a6a80281c Q0 uk8 7 21 CoTagRankUSE
science00ae21bc-8b61-45f9-b97f-178a6a80281c Q0 uk9 8 20 CoTagRankUSE
science00ae21bc-8b61-45f9-b97f-178a6a80281c Q0 k2 9 19 CoTagRankUSE
science00ae21bc-8b61-45f9-b97f-178a6a80281c Q0 uk10 10 18 CoTagRankUSE
science00ae21bc-8b61-45f9-b97f-178a6a80281c Q0 uk11 11 17 CoTagRankUSE
science00ae21bc-8b61-45f9-b97f-178a6a80281c Q0 uk12 12 16 CoTagRankUSE
science00ae21bc-8b61-45f9-b97f-178a6a80281c Q0 uk13 13 15 CoTagRankUSE
science00ae21bc-8b61-45f9-b97f-178a6a80281c Q0 uk14 14 14 CoTagRankUSE
science00ae21bc-8b61-45f9-b97f-178a6a80281c Q0 uk15 15 13 CoTagRankUSE
science00ae21bc-8b61-45f9-b97f-178a6a80281c Q0 uk16 16 12 CoTagRankUSE
science00ae21bc-8b61-45f9-b97f-178a6a80281c Q0 uk17 17 11 CoTagRankUSE
science00ae21bc-8b61-45f9-b97f-178a6a80281c Q0 uk18 18 10 CoTagRankUSE
science00ae21bc-8b61-45f9-b97f-178a6a80281c Q0 uk19 19 9 CoTagRankUSE
science00ae21bc-8b61-45f9-b97f-178a6a80281c Q0 uk20 20 8 CoTagRankUSE
science00ae21bc-8b61-45f9-b97f-178a6a80281c Q0 uk21 21 7 CoTagRankUSE
science00ae21bc-8b61-45f9-b97f-178a6a80281c Q0 uk22 22 6 CoTagRankUSE
science00ae21bc-8b61-45f9-b97f-178a6a80281c Q0 uk23 23 5 CoTagRankUSE
science00ae21bc-8b61-45f9-b97f-178a6a80281c Q0 uk24 24 4 CoTagRankUSE
science00ae21bc-8b61-45f9-b97f-178a6a80281c Q0 uk25 25 3 CoTagRankUSE
science00ae21bc-8b61-45f9-b97f-178a6a80281c Q0 uk26 26 2 CoTagRankUSE
science00ae21bc-8b61-45f9-b97f-178a6a80281c Q0 uk27 27 1 CoTagRankUSE
science00afee9b-882c-4fc7-b655-4d2892885722 Q0 k0 1 26 CoTagRankUSE
science00afee9b-882c-4fc7-b655-4d2892885722 Q0 k1 2 25 CoTagRankUSE
science00afee9b-882c-4fc7-b655-4d2892885722 Q0 k2 3 24 CoTagRankUSE
science00afee9b-882c-4fc7-b655-4d2892885722 Q0 k3 4 23 CoTagRankUSE
science00afee9b-882c-4fc7-b655-4d2892885722 Q0 uk11 5 22 CoTagRankUSE
science00afee9b-882c-4fc7-b655-4d2892885722 Q0 k4 6 21 CoTagRankUSE
science00afee9b-882c-4fc7-b655-4d2892885722 Q0 k5 7 20 CoTagRankUSE
science00afee9b-882c-4fc7-b655-4d2892885722 Q0 k6 8 19 CoTagRankUSE
science00afee9b-882c-4fc7-b655-4d2892885722 Q0 k7 9 18 CoTagRankUSE
science00afee9b-882c-4fc7-b655-4d2892885722 Q0 uk12 10 17 CoTagRankUSE
science00afee9b-882c-4fc7-b655-4d2892885722 Q0 uk13 11 16 CoTagRankUSE
science00afee9b-882c-4fc7-b655-4d2892885722 Q0 uk14 12 15 CoTagRankUSE
science00afee9b-882c-4fc7-b655-4d2892885722 Q0 k8 13 14 CoTagRankUSE
science00afee9b-882c-4fc7-b655-4d2892885722 Q0 uk15 14 13 CoTagRankUSE
science00afee9b-882c-4fc7-b655-4d2892885722 Q0 uk16 15 12 CoTagRankUSE
science00afee9b-882c-4fc7-b655-4d2892885722 Q0 k9 16 11 CoTagRankUSE
science00afee9b-882c-4fc7-b655-4d2892885722 Q0 uk17 17 10 CoTagRankUSE
science00afee9b-882c-4fc7-b655-4d2892885722 Q0 k10 18 9 CoTagRankUSE
science00afee9b-882c-4fc7-b655-4d2892885722 Q0 uk18 19 8 CoTagRankUSE
science00afee9b-882c-4fc7-b655-4d2892885722 Q0 uk19 20 7 CoTagRankUSE
science00afee9b-882c-4fc7-b655-4d2892885722 Q0 uk20 21 6 CoTagRankUSE
science00afee9b-882c-4fc7-b655-4d2892885722 Q0 uk21 22 5 CoTagRankUSE
science00afee9b-882c-4fc7-b655-4d2892885722 Q0 uk22 23 4 CoTagRankUSE
science00afee9b-882c-4fc7-b655-4d2892885722 Q0 uk23 24 3 CoTagRankUSE
science00afee9b-882c-4fc7-b655-4d2892885722 Q0 uk24 25 2 CoTagRankUSE
science00afee9b-882c-4fc7-b655-4d2892885722 Q0 uk25 26 1 CoTagRankUSE
science0a430497-f28e-40dc-aa3f-88f1b597017a Q0 k0 1 30 CoTagRankUSE
science0a430497-f28e-40dc-aa3f-88f1b597017a Q0 k1 2 29 CoTagRankUSE
science0a430497-f28e-40dc-aa3f-88f1b597017a Q0 uk7 3 28 CoTagRankUSE
science0a430497-f28e-40dc-aa3f-88f1b597017a Q0 k2 4 27 CoTagRankUSE
science0a430497-f28e-40dc-aa3f-88f1b597017a Q0 k3 5 26 CoTagRankUSE
science0a430497-f28e-40dc-aa3f-88f1b597017a Q0 k4 6 25 CoTagRankUSE
science0a430497-f28e-40dc-aa3f-88f1b597017a Q0 uk8 7 24 CoTagRankUSE
science0a430497-f28e-40dc-aa3f-88f1b597017a Q0 uk9 8 23 CoTagRankUSE
science0a430497-f28e-40dc-aa3f-88f1b597017a Q0 uk10 9 22 CoTagRankUSE
science0a430497-f28e-40dc-aa3f-88f1b597017a Q0 k5 10 21 CoTagRankUSE
science0a430497-f28e-40dc-aa3f-88f1b597017a Q0 uk11 11 20 CoTagRankUSE
science0a430497-f28e-40dc-aa3f-88f1b597017a Q0 uk12 12 19 CoTagRankUSE
science0a430497-f28e-40dc-aa3f-88f1b597017a Q0 uk13 13 18 CoTagRankUSE
science0a430497-f28e-40dc-aa3f-88f1b597017a Q0 uk14 14 17 CoTagRankUSE
science0a430497-f28e-40dc-aa3f-88f1b597017a Q0 uk15 15 16 CoTagRankUSE
science0a430497-f28e-40dc-aa3f-88f1b597017a Q0 uk16 16 15 CoTagRankUSE
science0a430497-f28e-40dc-aa3f-88f1b597017a Q0 uk17 17 14 CoTagRankUSE
science0a430497-f28e-40dc-aa3f-88f1b597017a Q0 uk18 18 13 CoTagRankUSE
science0a430497-f28e-40dc-aa3f-88f1b597017a Q0 uk19 19 12 CoTagRankUSE
science0a430497-f28e-40dc-aa3f-88f1b597017a Q0 k6 20 11 CoTagRankUSE
science0a430497-f28e-40dc-aa3f-88f1b597017a Q0 uk20 21 10 CoTagRankUSE
science0a430497-f28e-40dc-aa3f-88f1b597017a Q0 uk21 22 9 CoTagRankUSE
science0a430497-f28e-40dc-aa3f-88f1b597017a Q0 uk22 23 8 CoTagRankUSE
science0a430497-f28e-40dc-aa3f-88f1b597017a Q0 uk23 24 7 CoTagRankUSE
science0a430497-f28e-40dc-aa3f-88f1b597017a Q0 uk24 25 6 CoTagRankUSE
science0a430497-f28e-40dc-aa3f-88f1b597017a Q0 uk25 26 5 CoTagRankUSE
science0a430497-f28e-40dc-aa3f-88f1b597017a Q0 uk26 27 4 CoTagRankUSE
science0a430497-f28e-40dc-aa3f-88f1b597017a Q0 uk27 28 3 CoTagRankUSE
science0a430497-f28e-40dc-aa3f-88f1b597017a Q0 uk28 29 2 CoTagRankUSE
science0a430497-f28e-40dc-aa3f-88f1b597017a Q0 uk29 30 1 CoTagRankUSE
science0aa30d4b-107a-4d79-bad0-6d3e9145d34e Q0 k0 1 29 CoTagRankUSE
science0aa30d4b-107a-4d79-bad0-6d3e9145d34e Q0 uk7 2 28 CoTagRankUSE
science0aa30d4b-107a-4d79-bad0-6d3e9145d34e Q0 uk8 3 27 CoTagRankUSE
science0aa30d4b-107a-4d79-bad0-6d3e9145d34e Q0 uk9 4 26 CoTagRankUSE
science0aa30d4b-107a-4d79-bad0-6d3e9145d34e Q0 uk10 5 25 CoTagRankUSE
science0aa30d4b-107a-4d79-bad0-6d3e9145d34e Q0 uk11 6 24 CoTagRankUSE
science0aa30d4b-107a-4d79-bad0-6d3e9145d34e Q0 k1 7 23 CoTagRankUSE
science0aa30d4b-107a-4d79-bad0-6d3e9145d34e Q0 uk12 8 22 CoTagRankUSE
science0aa30d4b-107a-4d79-bad0-6d3e9145d34e Q0 k2 9 21 CoTagRankUSE
science0aa30d4b-107a-4d79-bad0-6d3e9145d34e Q0 k3 10 20 CoTagRankUSE
science0aa30d4b-107a-4d79-bad0-6d3e9145d34e Q0 uk13 11 19 CoTagRankUSE
science0aa30d4b-107a-4d79-bad0-6d3e9145d34e Q0 uk14 12 18 CoTagRankUSE
science0aa30d4b-107a-4d79-bad0-6d3e9145d34e Q0 uk15 13 17 CoTagRankUSE
science0aa30d4b-107a-4d79-bad0-6d3e9145d34e Q0 uk16 14 16 CoTagRankUSE
science0aa30d4b-107a-4d79-bad0-6d3e9145d34e Q0 uk17 15 15 CoTagRankUSE
science0aa30d4b-107a-4d79-bad0-6d3e9145d34e Q0 k4 16 14 CoTagRankUSE
science0aa30d4b-107a-4d79-bad0-6d3e9145d34e Q0 k5 17 13 CoTagRankUSE
science0aa30d4b-107a-4d79-bad0-6d3e9145d34e Q0 uk18 18 12 CoTagRankUSE
science0aa30d4b-107a-4d79-bad0-6d3e9145d34e Q0 k6 19 11 CoTagRankUSE
science0aa30d4b-107a-4d79-bad0-6d3e9145d34e Q0 uk19 20 10 CoTagRankUSE
science0aa30d4b-107a-4d79-bad0-6d3e9145d34e Q0 uk20 21 9 CoTagRankUSE
science0aa30d4b-107a-4d79-bad0-6d3e9145d34e Q0 uk21 22 8 CoTagRankUSE
science0aa30d4b-107a-4d79-bad0-6d3e9145d34e Q0 uk22 23 7 CoTagRankUSE
science0aa30d4b-107a-4d79-bad0-6d3e9145d34e Q0 uk23 24 6 CoTagRankUSE
science0aa30d4b-107a-4d79-bad0-6d3e9145d34e Q0 uk24 25 5 CoTagRankUSE
science0aa30d4b-107a-4d79-bad0-6d3e9145d34e Q0 uk25 26 4 CoTagRankUSE
science0aa30d4b-107a-4d79-bad0-6d3e9145d34e Q0 uk26 27 3 CoTagRankUSE
science0aa30d4b-107a-4d79-bad0-6d3e9145d34e Q0 uk27 28 2 CoTagRankUSE
science0aa30d4b-107a-4d79-bad0-6d3e9145d34e Q0 uk28 29 1 CoTagRankUSE
science0aaf8337-078e-4ba9-be75-ed70624408f3 Q0 k0 1 29 CoTagRankUSE
science0aaf8337-078e-4ba9-be75-ed70624408f3 Q0 uk10 2 28 CoTagRankUSE
science0aaf8337-078e-4ba9-be75-ed70624408f3 Q0 uk11 3 27 CoTagRankUSE
science0aaf8337-078e-4ba9-be75-ed70624408f3 Q0 k9 4 26 CoTagRankUSE
science0aaf8337-078e-4ba9-be75-ed70624408f3 Q0 k1 5 25 CoTagRankUSE
science0aaf8337-078e-4ba9-be75-ed70624408f3 Q0 k2 6 24 CoTagRankUSE
science0aaf8337-078e-4ba9-be75-ed70624408f3 Q0 k3 7 23 CoTagRankUSE
science0aaf8337-078e-4ba9-be75-ed70624408f3 Q0 k4 8 22 CoTagRankUSE
science0aaf8337-078e-4ba9-be75-ed70624408f3 Q0 k5 9 21 CoTagRankUSE
science0aaf8337-078e-4ba9-be75-ed70624408f3 Q0 k6 10 20 CoTagRankUSE
science0aaf8337-078e-4ba9-be75-ed70624408f3 Q0 uk12 11 19 CoTagRankUSE
science0aaf8337-078e-4ba9-be75-ed70624408f3 Q0 uk13 12 18 CoTagRankUSE
science0aaf8337-078e-4ba9-be75-ed70624408f3 Q0 uk14 13 17 CoTagRankUSE
science0aaf8337-078e-4ba9-be75-ed70624408f3 Q0 uk15 14 16 CoTagRankUSE
science0aaf8337-078e-4ba9-be75-ed70624408f3 Q0 uk16 15 15 CoTagRankUSE
science0aaf8337-078e-4ba9-be75-ed70624408f3 Q0 k7 16 14 CoTagRankUSE
science0aaf8337-078e-4ba9-be75-ed70624408f3 Q0 uk17 17 13 CoTagRankUSE
science0aaf8337-078e-4ba9-be75-ed70624408f3 Q0 uk18 18 12 CoTagRankUSE
science0aaf8337-078e-4ba9-be75-ed70624408f3 Q0 k8 19 11 CoTagRankUSE
science0aaf8337-078e-4ba9-be75-ed70624408f3 Q0 uk19 20 10 CoTagRankUSE
science0aaf8337-078e-4ba9-be75-ed70624408f3 Q0 uk20 21 9 CoTagRankUSE
science0aaf8337-078e-4ba9-be75-ed70624408f3 Q0 uk21 22 8 CoTagRankUSE
science0aaf8337-078e-4ba9-be75-ed70624408f3 Q0 uk22 23 7 CoTagRankUSE
science0aaf8337-078e-4ba9-be75-ed70624408f3 Q0 uk23 24 6 CoTagRankUSE
science0aaf8337-078e-4ba9-be75-ed70624408f3 Q0 uk24 25 5 CoTagRankUSE
science0aaf8337-078e-4ba9-be75-ed70624408f3 Q0 uk25 26 4 CoTagRankUSE
science0aaf8337-078e-4ba9-be75-ed70624408f3 Q0 uk26 27 3 CoTagRankUSE
science0aaf8337-078e-4ba9-be75-ed70624408f3 Q0 uk27 28 2 CoTagRankUSE
science0aaf8337-078e-4ba9-be75-ed70624408f3 Q0 uk28 29 1 CoTagRankUSE
science0ac26d73-a314-43fd-ab1d-5456e1c98208 Q0 uk6 1 28 CoTagRankUSE
science0ac26d73-a314-43fd-ab1d-5456e1c98208 Q0 k1 2 27 CoTagRankUSE
science0ac26d73-a314-43fd-ab1d-5456e1c98208 Q0 k2 3 26 CoTagRankUSE
science0ac26d73-a314-43fd-ab1d-5456e1c98208 Q0 uk7 4 25 CoTagRankUSE
science0ac26d73-a314-43fd-ab1d-5456e1c98208 Q0 k3 5 24 CoTagRankUSE
science0ac26d73-a314-43fd-ab1d-5456e1c98208 Q0 uk8 6 23 CoTagRankUSE
science0ac26d73-a314-43fd-ab1d-5456e1c98208 Q0 uk9 7 22 CoTagRankUSE
science0ac26d73-a314-43fd-ab1d-5456e1c98208 Q0 uk10 8 21 CoTagRankUSE
science0ac26d73-a314-43fd-ab1d-5456e1c98208 Q0 k4 9 20 CoTagRankUSE
science0ac26d73-a314-43fd-ab1d-5456e1c98208 Q0 uk11 10 19 CoTagRankUSE
science0ac26d73-a314-43fd-ab1d-5456e1c98208 Q0 uk12 11 18 CoTagRankUSE
science0ac26d73-a314-43fd-ab1d-5456e1c98208 Q0 uk13 12 17 CoTagRankUSE
science0ac26d73-a314-43fd-ab1d-5456e1c98208 Q0 uk14 13 16 CoTagRankUSE
science0ac26d73-a314-43fd-ab1d-5456e1c98208 Q0 uk15 14 15 CoTagRankUSE
science0ac26d73-a314-43fd-ab1d-5456e1c98208 Q0 uk16 15 14 CoTagRankUSE
science0ac26d73-a314-43fd-ab1d-5456e1c98208 Q0 uk17 16 13 CoTagRankUSE
science0ac26d73-a314-43fd-ab1d-5456e1c98208 Q0 uk18 17 12 CoTagRankUSE
science0ac26d73-a314-43fd-ab1d-5456e1c98208 Q0 uk19 18 11 CoTagRankUSE
science0ac26d73-a314-43fd-ab1d-5456e1c98208 Q0 uk20 19 10 CoTagRankUSE
science0ac26d73-a314-43fd-ab1d-5456e1c98208 Q0 uk21 20 9 CoTagRankUSE
science0ac26d73-a314-43fd-ab1d-5456e1c98208 Q0 uk22 21 8 CoTagRankUSE
science0ac26d73-a314-43fd-ab1d-5456e1c98208 Q0 uk23 22 7 CoTagRankUSE
science0ac26d73-a314-43fd-ab1d-5456e1c98208 Q0 uk24 23 6 CoTagRankUSE
science0ac26d73-a314-43fd-ab1d-5456e1c98208 Q0 uk25 24 5 CoTagRankUSE
science0ac26d73-a314-43fd-ab1d-5456e1c98208 Q0 uk26 25 4 CoTagRankUSE
science0ac26d73-a314-43fd-ab1d-5456e1c98208 Q0 k5 26 3 CoTagRankUSE
science0ac26d73-a314-43fd-ab1d-5456e1c98208 Q0 uk27 27 2 CoTagRankUSE
science0ac26d73-a314-43fd-ab1d-5456e1c98208 Q0 uk28 28 1 CoTagRankUSE
science0ac4f68b-7929-4cf5-8bba-8e6ee9a0d856 Q0 uk5 1 27 CoTagRankUSE
science0ac4f68b-7929-4cf5-8bba-8e6ee9a0d856 Q0 uk6 2 26 CoTagRankUSE
science0ac4f68b-7929-4cf5-8bba-8e6ee9a0d856 Q0 k0 3 25 CoTagRankUSE
science0ac4f68b-7929-4cf5-8bba-8e6ee9a0d856 Q0 k2 4 24 CoTagRankUSE
science0ac4f68b-7929-4cf5-8bba-8e6ee9a0d856 Q0 k1 5 23 CoTagRankUSE
science0ac4f68b-7929-4cf5-8bba-8e6ee9a0d856 Q0 uk7 6 22 CoTagRankUSE
science0ac4f68b-7929-4cf5-8bba-8e6ee9a0d856 Q0 uk8 7 21 CoTagRankUSE
science0ac4f68b-7929-4cf5-8bba-8e6ee9a0d856 Q0 uk9 8 20 CoTagRankUSE
science0ac4f68b-7929-4cf5-8bba-8e6ee9a0d856 Q0 uk10 9 19 CoTagRankUSE
science0ac4f68b-7929-4cf5-8bba-8e6ee9a0d856 Q0 uk11 10 18 CoTagRankUSE
science0ac4f68b-7929-4cf5-8bba-8e6ee9a0d856 Q0 uk12 11 17 CoTagRankUSE
science0ac4f68b-7929-4cf5-8bba-8e6ee9a0d856 Q0 uk13 12 16 CoTagRankUSE
science0ac4f68b-7929-4cf5-8bba-8e6ee9a0d856 Q0 uk14 13 15 CoTagRankUSE
science0ac4f68b-7929-4cf5-8bba-8e6ee9a0d856 Q0 k3 14 14 CoTagRankUSE
science0ac4f68b-7929-4cf5-8bba-8e6ee9a0d856 Q0 uk15 15 13 CoTagRankUSE
science0ac4f68b-7929-4cf5-8bba-8e6ee9a0d856 Q0 uk16 16 12 CoTagRankUSE
science0ac4f68b-7929-4cf5-8bba-8e6ee9a0d856 Q0 uk17 17 11 CoTagRankUSE
science0ac4f68b-7929-4cf5-8bba-8e6ee9a0d856 Q0 uk18 18 10 CoTagRankUSE
science0ac4f68b-7929-4cf5-8bba-8e6ee9a0d856 Q0 uk19 19 9 CoTagRankUSE
science0ac4f68b-7929-4cf5-8bba-8e6ee9a0d856 Q0 uk20 20 8 CoTagRankUSE
science0ac4f68b-7929-4cf5-8bba-8e6ee9a0d856 Q0 uk21 21 7 CoTagRankUSE
science0ac4f68b-7929-4cf5-8bba-8e6ee9a0d856 Q0 uk22 22 6 CoTagRankUSE
science0ac4f68b-7929-4cf5-8bba-8e6ee9a0d856 Q0 uk23 23 5 CoTagRankUSE
science0ac4f68b-7929-4cf5-8bba-8e6ee9a0d856 Q0 uk24 24 4 CoTagRankUSE
science0ac4f68b-7929-4cf5-8bba-8e6ee9a0d856 Q0 uk25 25 3 CoTagRankUSE
science0ac4f68b-7929-4cf5-8bba-8e6ee9a0d856 Q0 uk26 26 2 CoTagRankUSE
science0ac4f68b-7929-4cf5-8bba-8e6ee9a0d856 Q0 uk27 27 1 CoTagRankUSE
science0afdc4cf-a0b9-424d-adc8-14955f2c3638 Q0 k0 1 25 CoTagRankUSE
science0afdc4cf-a0b9-424d-adc8-14955f2c3638 Q0 k1 2 24 CoTagRankUSE
science0afdc4cf-a0b9-424d-adc8-14955f2c3638 Q0 k2 3 23 CoTagRankUSE
science0afdc4cf-a0b9-424d-adc8-14955f2c3638 Q0 k3 4 22 CoTagRankUSE
science0afdc4cf-a0b9-424d-adc8-14955f2c3638 Q0 k4 5 21 CoTagRankUSE
science0afdc4cf-a0b9-424d-adc8-14955f2c3638 Q0 k5 6 20 CoTagRankUSE
science0afdc4cf-a0b9-424d-adc8-14955f2c3638 Q0 k6 7 19 CoTagRankUSE
science0afdc4cf-a0b9-424d-adc8-14955f2c3638 Q0 k7 8 18 CoTagRankUSE
science0afdc4cf-a0b9-424d-adc8-14955f2c3638 Q0 k8 9 17 CoTagRankUSE
science0afdc4cf-a0b9-424d-adc8-14955f2c3638 Q0 uk12 10 16 CoTagRankUSE
science0afdc4cf-a0b9-424d-adc8-14955f2c3638 Q0 uk13 11 15 CoTagRankUSE
science0afdc4cf-a0b9-424d-adc8-14955f2c3638 Q0 uk14 12 14 CoTagRankUSE
science0afdc4cf-a0b9-424d-adc8-14955f2c3638 Q0 uk15 13 13 CoTagRankUSE
science0afdc4cf-a0b9-424d-adc8-14955f2c3638 Q0 uk16 14 12 CoTagRankUSE
science0afdc4cf-a0b9-424d-adc8-14955f2c3638 Q0 k9 15 11 CoTagRankUSE
science0afdc4cf-a0b9-424d-adc8-14955f2c3638 Q0 uk17 16 10 CoTagRankUSE
science0afdc4cf-a0b9-424d-adc8-14955f2c3638 Q0 k10 17 9 CoTagRankUSE
science0afdc4cf-a0b9-424d-adc8-14955f2c3638 Q0 uk18 18 8 CoTagRankUSE
science0afdc4cf-a0b9-424d-adc8-14955f2c3638 Q0 k11 19 7 CoTagRankUSE
science0afdc4cf-a0b9-424d-adc8-14955f2c3638 Q0 uk19 20 6 CoTagRankUSE
science0afdc4cf-a0b9-424d-adc8-14955f2c3638 Q0 uk20 21 5 CoTagRankUSE
science0afdc4cf-a0b9-424d-adc8-14955f2c3638 Q0 uk21 22 4 CoTagRankUSE
science0afdc4cf-a0b9-424d-adc8-14955f2c3638 Q0 uk22 23 3 CoTagRankUSE
science0afdc4cf-a0b9-424d-adc8-14955f2c3638 Q0 uk23 24 2 CoTagRankUSE
science0afdc4cf-a0b9-424d-adc8-14955f2c3638 Q0 uk24 25 1 CoTagRankUSE
science0b0ef249-9131-4961-89ff-1f0b0cf44b2c Q0 uk8 1 29 CoTagRankUSE
science0b0ef249-9131-4961-89ff-1f0b0cf44b2c Q0 k0 2 28 CoTagRankUSE
science0b0ef249-9131-4961-89ff-1f0b0cf44b2c Q0 k1 3 27 CoTagRankUSE
science0b0ef249-9131-4961-89ff-1f0b0cf44b2c Q0 uk9 4 26 CoTagRankUSE
science0b0ef249-9131-4961-89ff-1f0b0cf44b2c Q0 k2 5 25 CoTagRankUSE
science0b0ef249-9131-4961-89ff-1f0b0cf44b2c Q0 k3 6 24 CoTagRankUSE
science0b0ef249-9131-4961-89ff-1f0b0cf44b2c Q0 k4 7 23 CoTagRankUSE
science0b0ef249-9131-4961-89ff-1f0b0cf44b2c Q0 uk10 8 22 CoTagRankUSE
science0b0ef249-9131-4961-89ff-1f0b0cf44b2c Q0 uk11 9 21 CoTagRankUSE
science0b0ef249-9131-4961-89ff-1f0b0cf44b2c Q0 uk12 10 20 CoTagRankUSE
science0b0ef249-9131-4961-89ff-1f0b0cf44b2c Q0 uk13 11 19 CoTagRankUSE
science0b0ef249-9131-4961-89ff-1f0b0cf44b2c Q0 uk14 12 18 CoTagRankUSE
science0b0ef249-9131-4961-89ff-1f0b0cf44b2c Q0 uk15 13 17 CoTagRankUSE
science0b0ef249-9131-4961-89ff-1f0b0cf44b2c Q0 uk16 14 16 CoTagRankUSE
science0b0ef249-9131-4961-89ff-1f0b0cf44b2c Q0 k5 15 15 CoTagRankUSE
science0b0ef249-9131-4961-89ff-1f0b0cf44b2c Q0 uk17 16 14 CoTagRankUSE
science0b0ef249-9131-4961-89ff-1f0b0cf44b2c Q0 uk18 17 13 CoTagRankUSE
science0b0ef249-9131-4961-89ff-1f0b0cf44b2c Q0 uk19 18 12 CoTagRankUSE
science0b0ef249-9131-4961-89ff-1f0b0cf44b2c Q0 k6 19 11 CoTagRankUSE
science0b0ef249-9131-4961-89ff-1f0b0cf44b2c Q0 uk20 20 10 CoTagRankUSE
science0b0ef249-9131-4961-89ff-1f0b0cf44b2c Q0 uk21 21 9 CoTagRankUSE
science0b0ef249-9131-4961-89ff-1f0b0cf44b2c Q0 uk22 22 8 CoTagRankUSE
science0b0ef249-9131-4961-89ff-1f0b0cf44b2c Q0 uk23 23 7 CoTagRankUSE
science0b0ef249-9131-4961-89ff-1f0b0cf44b2c Q0 uk24 24 6 CoTagRankUSE
science0b0ef249-9131-4961-89ff-1f0b0cf44b2c Q0 uk25 25 5 CoTagRankUSE
science0b0ef249-9131-4961-89ff-1f0b0cf44b2c Q0 k7 26 4 CoTagRankUSE
science0b0ef249-9131-4961-89ff-1f0b0cf44b2c Q0 uk26 27 3 CoTagRankUSE
science0b0ef249-9131-4961-89ff-1f0b0cf44b2c Q0 uk27 28 2 CoTagRankUSE
science0b0ef249-9131-4961-89ff-1f0b0cf44b2c Q0 uk28 29 1 CoTagRankUSE
science0b117ba8-d1e9-4f03-b762-f1a10a71683b Q0 k0 1 30 CoTagRankUSE
science0b117ba8-d1e9-4f03-b762-f1a10a71683b Q0 k1 2 29 CoTagRankUSE
science0b117ba8-d1e9-4f03-b762-f1a10a71683b Q0 uk7 3 28 CoTagRankUSE
science0b117ba8-d1e9-4f03-b762-f1a10a71683b Q0 k2 4 27 CoTagRankUSE
science0b117ba8-d1e9-4f03-b762-f1a10a71683b Q0 k3 5 26 CoTagRankUSE
science0b117ba8-d1e9-4f03-b762-f1a10a71683b Q0 k4 6 25 CoTagRankUSE
science0b117ba8-d1e9-4f03-b762-f1a10a71683b Q0 k5 7 24 CoTagRankUSE
science0b117ba8-d1e9-4f03-b762-f1a10a71683b Q0 k6 8 23 CoTagRankUSE
science0b117ba8-d1e9-4f03-b762-f1a10a71683b Q0 uk8 9 22 CoTagRankUSE
science0b117ba8-d1e9-4f03-b762-f1a10a71683b Q0 uk9 10 21 CoTagRankUSE
science0b117ba8-d1e9-4f03-b762-f1a10a71683b Q0 uk10 11 20 CoTagRankUSE
science0b117ba8-d1e9-4f03-b762-f1a10a71683b Q0 uk11 12 19 CoTagRankUSE
science0b117ba8-d1e9-4f03-b762-f1a10a71683b Q0 uk12 13 18 CoTagRankUSE
science0b117ba8-d1e9-4f03-b762-f1a10a71683b Q0 uk13 14 17 CoTagRankUSE
science0b117ba8-d1e9-4f03-b762-f1a10a71683b Q0 uk14 15 16 CoTagRankUSE
science0b117ba8-d1e9-4f03-b762-f1a10a71683b Q0 uk15 16 15 CoTagRankUSE
science0b117ba8-d1e9-4f03-b762-f1a10a71683b Q0 uk16 17 14 CoTagRankUSE
science0b117ba8-d1e9-4f03-b762-f1a10a71683b Q0 uk17 18 13 CoTagRankUSE
science0b117ba8-d1e9-4f03-b762-f1a10a71683b Q0 uk18 19 12 CoTagRankUSE
science0b117ba8-d1e9-4f03-b762-f1a10a71683b Q0 uk19 20 11 CoTagRankUSE
science0b117ba8-d1e9-4f03-b762-f1a10a71683b Q0 uk20 21 10 CoTagRankUSE
science0b117ba8-d1e9-4f03-b762-f1a10a71683b Q0 uk21 22 9 CoTagRankUSE
science0b117ba8-d1e9-4f03-b762-f1a10a71683b Q0 uk22 23 8 CoTagRankUSE
science0b117ba8-d1e9-4f03-b762-f1a10a71683b Q0 uk23 24 7 CoTagRankUSE
science0b117ba8-d1e9-4f03-b762-f1a10a71683b Q0 uk24 25 6 CoTagRankUSE
science0b117ba8-d1e9-4f03-b762-f1a10a71683b Q0 uk25 26 5 CoTagRankUSE
science0b117ba8-d1e9-4f03-b762-f1a10a71683b Q0 uk26 27 4 CoTagRankUSE
science0b117ba8-d1e9-4f03-b762-f1a10a71683b Q0 uk27 28 3 CoTagRankUSE
science0b117ba8-d1e9-4f03-b762-f1a10a71683b Q0 uk28 29 2 CoTagRankUSE
science0b117ba8-d1e9-4f03-b762-f1a10a71683b Q0 uk29 30 1 CoTagRankUSE
science0b161a08-8eab-4b58-8454-64ca026489ce Q0 k0 1 26 CoTagRankUSE
science0b161a08-8eab-4b58-8454-64ca026489ce Q0 k1 2 25 CoTagRankUSE
science0b161a08-8eab-4b58-8454-64ca026489ce Q0 k2 3 24 CoTagRankUSE
science0b161a08-8eab-4b58-8454-64ca026489ce Q0 uk7 4 23 CoTagRankUSE
science0b161a08-8eab-4b58-8454-64ca026489ce Q0 uk8 5 22 CoTagRankUSE
science0b161a08-8eab-4b58-8454-64ca026489ce Q0 uk9 6 21 CoTagRankUSE
science0b161a08-8eab-4b58-8454-64ca026489ce Q0 k3 7 20 CoTagRankUSE
science0b161a08-8eab-4b58-8454-64ca026489ce Q0 k4 8 19 CoTagRankUSE
science0b161a08-8eab-4b58-8454-64ca026489ce Q0 k5 9 18 CoTagRankUSE
science0b161a08-8eab-4b58-8454-64ca026489ce Q0 uk10 10 17 CoTagRankUSE
science0b161a08-8eab-4b58-8454-64ca026489ce Q0 uk11 11 16 CoTagRankUSE
science0b161a08-8eab-4b58-8454-64ca026489ce Q0 uk12 12 15 CoTagRankUSE
science0b161a08-8eab-4b58-8454-64ca026489ce Q0 uk13 13 14 CoTagRankUSE
science0b161a08-8eab-4b58-8454-64ca026489ce Q0 uk14 14 13 CoTagRankUSE
science0b161a08-8eab-4b58-8454-64ca026489ce Q0 uk15 15 12 CoTagRankUSE
science0b161a08-8eab-4b58-8454-64ca026489ce Q0 uk16 16 11 CoTagRankUSE
science0b161a08-8eab-4b58-8454-64ca026489ce Q0 uk17 17 10 CoTagRankUSE
science0b161a08-8eab-4b58-8454-64ca026489ce Q0 uk18 18 9 CoTagRankUSE
science0b161a08-8eab-4b58-8454-64ca026489ce Q0 uk19 19 8 CoTagRankUSE
science0b161a08-8eab-4b58-8454-64ca026489ce Q0 uk20 20 7 CoTagRankUSE
science0b161a08-8eab-4b58-8454-64ca026489ce Q0 uk21 21 6 CoTagRankUSE
science0b161a08-8eab-4b58-8454-64ca026489ce Q0 k6 22 5 CoTagRankUSE
science0b161a08-8eab-4b58-8454-64ca026489ce Q0 uk22 23 4 CoTagRankUSE
science0b161a08-8eab-4b58-8454-64ca026489ce Q0 uk23 24 3 CoTagRankUSE
science0b161a08-8eab-4b58-8454-64ca026489ce Q0 uk24 25 2 CoTagRankUSE
science0b161a08-8eab-4b58-8454-64ca026489ce Q0 uk25 26 1 CoTagRankUSE
science0b443552-3af3-466a-b065-987fccdcb3ee Q0 k0 1 26 CoTagRankUSE
science0b443552-3af3-466a-b065-987fccdcb3ee Q0 k1 2 25 CoTagRankUSE
science0b443552-3af3-466a-b065-987fccdcb3ee Q0 k2 3 24 CoTagRankUSE
science0b443552-3af3-466a-b065-987fccdcb3ee Q0 k3 4 23 CoTagRankUSE
science0b443552-3af3-466a-b065-987fccdcb3ee Q0 k4 5 22 CoTagRankUSE
science0b443552-3af3-466a-b065-987fccdcb3ee Q0 uk10 6 21 CoTagRankUSE
science0b443552-3af3-466a-b065-987fccdcb3ee Q0 uk11 7 20 CoTagRankUSE
science0b443552-3af3-466a-b065-987fccdcb3ee Q0 k5 8 19 CoTagRankUSE
science0b443552-3af3-466a-b065-987fccdcb3ee Q0 k6 9 18 CoTagRankUSE
science0b443552-3af3-466a-b065-987fccdcb3ee Q0 uk12 10 17 CoTagRankUSE
science0b443552-3af3-466a-b065-987fccdcb3ee Q0 uk13 11 16 CoTagRankUSE
science0b443552-3af3-466a-b065-987fccdcb3ee Q0 uk14 12 15 CoTagRankUSE
science0b443552-3af3-466a-b065-987fccdcb3ee Q0 uk15 13 14 CoTagRankUSE
science0b443552-3af3-466a-b065-987fccdcb3ee Q0 uk16 14 13 CoTagRankUSE
science0b443552-3af3-466a-b065-987fccdcb3ee Q0 uk17 15 12 CoTagRankUSE
science0b443552-3af3-466a-b065-987fccdcb3ee Q0 k7 16 11 CoTagRankUSE
science0b443552-3af3-466a-b065-987fccdcb3ee Q0 uk18 17 10 CoTagRankUSE
science0b443552-3af3-466a-b065-987fccdcb3ee Q0 k8 18 9 CoTagRankUSE
science0b443552-3af3-466a-b065-987fccdcb3ee Q0 uk19 19 8 CoTagRankUSE
science0b443552-3af3-466a-b065-987fccdcb3ee Q0 uk20 20 7 CoTagRankUSE
science0b443552-3af3-466a-b065-987fccdcb3ee Q0 uk21 21 6 CoTagRankUSE
science0b443552-3af3-466a-b065-987fccdcb3ee Q0 k9 22 5 CoTagRankUSE
science0b443552-3af3-466a-b065-987fccdcb3ee Q0 uk22 23 4 CoTagRankUSE
science0b443552-3af3-466a-b065-987fccdcb3ee Q0 uk23 24 3 CoTagRankUSE
science0b443552-3af3-466a-b065-987fccdcb3ee Q0 uk24 25 2 CoTagRankUSE
science0b443552-3af3-466a-b065-987fccdcb3ee Q0 uk25 26 1 CoTagRankUSE
science0bc5134d-6181-407f-8c66-bc8017e43d69 Q0 k0 1 28 CoTagRankUSE
science0bc5134d-6181-407f-8c66-bc8017e43d69 Q0 k1 2 27 CoTagRankUSE
science0bc5134d-6181-407f-8c66-bc8017e43d69 Q0 k2 3 26 CoTagRankUSE
science0bc5134d-6181-407f-8c66-bc8017e43d69 Q0 k3 4 25 CoTagRankUSE
science0bc5134d-6181-407f-8c66-bc8017e43d69 Q0 uk6 5 24 CoTagRankUSE
science0bc5134d-6181-407f-8c66-bc8017e43d69 Q0 uk7 6 23 CoTagRankUSE
science0bc5134d-6181-407f-8c66-bc8017e43d69 Q0 uk8 7 22 CoTagRankUSE
science0bc5134d-6181-407f-8c66-bc8017e43d69 Q0 k4 8 21 CoTagRankUSE
science0bc5134d-6181-407f-8c66-bc8017e43d69 Q0 uk9 9 20 CoTagRankUSE
science0bc5134d-6181-407f-8c66-bc8017e43d69 Q0 uk10 10 19 CoTagRankUSE
science0bc5134d-6181-407f-8c66-bc8017e43d69 Q0 uk11 11 18 CoTagRankUSE
science0bc5134d-6181-407f-8c66-bc8017e43d69 Q0 uk12 12 17 CoTagRankUSE
science0bc5134d-6181-407f-8c66-bc8017e43d69 Q0 uk13 13 16 CoTagRankUSE
science0bc5134d-6181-407f-8c66-bc8017e43d69 Q0 uk14 14 15 CoTagRankUSE
science0bc5134d-6181-407f-8c66-bc8017e43d69 Q0 uk15 15 14 CoTagRankUSE
science0bc5134d-6181-407f-8c66-bc8017e43d69 Q0 uk16 16 13 CoTagRankUSE
science0bc5134d-6181-407f-8c66-bc8017e43d69 Q0 uk17 17 12 CoTagRankUSE
science0bc5134d-6181-407f-8c66-bc8017e43d69 Q0 uk18 18 11 CoTagRankUSE
science0bc5134d-6181-407f-8c66-bc8017e43d69 Q0 k5 19 10 CoTagRankUSE
science0bc5134d-6181-407f-8c66-bc8017e43d69 Q0 uk19 20 9 CoTagRankUSE
science0bc5134d-6181-407f-8c66-bc8017e43d69 Q0 uk20 21 8 CoTagRankUSE
science0bc5134d-6181-407f-8c66-bc8017e43d69 Q0 uk21 22 7 CoTagRankUSE
science0bc5134d-6181-407f-8c66-bc8017e43d69 Q0 uk22 23 6 CoTagRankUSE
science0bc5134d-6181-407f-8c66-bc8017e43d69 Q0 uk23 24 5 CoTagRankUSE
science0bc5134d-6181-407f-8c66-bc8017e43d69 Q0 uk24 25 4 CoTagRankUSE
science0bc5134d-6181-407f-8c66-bc8017e43d69 Q0 uk25 26 3 CoTagRankUSE
science0bc5134d-6181-407f-8c66-bc8017e43d69 Q0 uk26 27 2 CoTagRankUSE
science0bc5134d-6181-407f-8c66-bc8017e43d69 Q0 uk27 28 1 CoTagRankUSE
science0e2809e7-e2f7-49bc-8c5b-048d8084da3e Q0 k0 1 28 CoTagRankUSE
science0e2809e7-e2f7-49bc-8c5b-048d8084da3e Q0 uk7 2 27 CoTagRankUSE
science0e2809e7-e2f7-49bc-8c5b-048d8084da3e Q0 uk8 3 26 CoTagRankUSE
science0e2809e7-e2f7-49bc-8c5b-048d8084da3e Q0 uk9 4 25 CoTagRankUSE
science0e2809e7-e2f7-49bc-8c5b-048d8084da3e Q0 uk10 5 24 CoTagRankUSE
science0e2809e7-e2f7-49bc-8c5b-048d8084da3e Q0 k1 6 23 CoTagRankUSE
science0e2809e7-e2f7-49bc-8c5b-048d8084da3e Q0 k2 7 22 CoTagRankUSE
science0e2809e7-e2f7-49bc-8c5b-048d8084da3e Q0 k3 8 21 CoTagRankUSE
science0e2809e7-e2f7-49bc-8c5b-048d8084da3e Q0 uk11 9 20 CoTagRankUSE
science0e2809e7-e2f7-49bc-8c5b-048d8084da3e Q0 uk12 10 19 CoTagRankUSE
science0e2809e7-e2f7-49bc-8c5b-048d8084da3e Q0 uk13 11 18 CoTagRankUSE
science0e2809e7-e2f7-49bc-8c5b-048d8084da3e Q0 uk14 12 17 CoTagRankUSE
science0e2809e7-e2f7-49bc-8c5b-048d8084da3e Q0 uk15 13 16 CoTagRankUSE
science0e2809e7-e2f7-49bc-8c5b-048d8084da3e Q0 uk16 14 15 CoTagRankUSE
science0e2809e7-e2f7-49bc-8c5b-048d8084da3e Q0 k4 15 14 CoTagRankUSE
science0e2809e7-e2f7-49bc-8c5b-048d8084da3e Q0 uk17 16 13 CoTagRankUSE
science0e2809e7-e2f7-49bc-8c5b-048d8084da3e Q0 k5 17 12 CoTagRankUSE
science0e2809e7-e2f7-49bc-8c5b-048d8084da3e Q0 k6 18 11 CoTagRankUSE
science0e2809e7-e2f7-49bc-8c5b-048d8084da3e Q0 uk18 19 10 CoTagRankUSE
science0e2809e7-e2f7-49bc-8c5b-048d8084da3e Q0 uk19 20 9 CoTagRankUSE
science0e2809e7-e2f7-49bc-8c5b-048d8084da3e Q0 uk20 21 8 CoTagRankUSE
science0e2809e7-e2f7-49bc-8c5b-048d8084da3e Q0 uk21 22 7 CoTagRankUSE
science0e2809e7-e2f7-49bc-8c5b-048d8084da3e Q0 uk22 23 6 CoTagRankUSE
science0e2809e7-e2f7-49bc-8c5b-048d8084da3e Q0 uk23 24 5 CoTagRankUSE
science0e2809e7-e2f7-49bc-8c5b-048d8084da3e Q0 uk24 25 4 CoTagRankUSE
science0e2809e7-e2f7-49bc-8c5b-048d8084da3e Q0 uk25 26 3 CoTagRankUSE
science0e2809e7-e2f7-49bc-8c5b-048d8084da3e Q0 uk26 27 2 CoTagRankUSE
science0e2809e7-e2f7-49bc-8c5b-048d8084da3e Q0 uk27 28 1 CoTagRankUSE
science0ea4f7db-eb25-4758-b83e-6a9bdb57d4a3 Q0 k0 1 26 CoTagRankUSE
science0ea4f7db-eb25-4758-b83e-6a9bdb57d4a3 Q0 k1 2 25 CoTagRankUSE
science0ea4f7db-eb25-4758-b83e-6a9bdb57d4a3 Q0 k2 3 24 CoTagRankUSE
science0ea4f7db-eb25-4758-b83e-6a9bdb57d4a3 Q0 uk10 4 23 CoTagRankUSE
science0ea4f7db-eb25-4758-b83e-6a9bdb57d4a3 Q0 k3 5 22 CoTagRankUSE
science0ea4f7db-eb25-4758-b83e-6a9bdb57d4a3 Q0 k4 6 21 CoTagRankUSE
science0ea4f7db-eb25-4758-b83e-6a9bdb57d4a3 Q0 k5 7 20 CoTagRankUSE
science0ea4f7db-eb25-4758-b83e-6a9bdb57d4a3 Q0 k6 8 19 CoTagRankUSE
science0ea4f7db-eb25-4758-b83e-6a9bdb57d4a3 Q0 uk11 9 18 CoTagRankUSE
science0ea4f7db-eb25-4758-b83e-6a9bdb57d4a3 Q0 k7 10 17 CoTagRankUSE
science0ea4f7db-eb25-4758-b83e-6a9bdb57d4a3 Q0 uk12 11 16 CoTagRankUSE
science0ea4f7db-eb25-4758-b83e-6a9bdb57d4a3 Q0 uk13 12 15 CoTagRankUSE
science0ea4f7db-eb25-4758-b83e-6a9bdb57d4a3 Q0 uk14 13 14 CoTagRankUSE
science0ea4f7db-eb25-4758-b83e-6a9bdb57d4a3 Q0 uk15 14 13 CoTagRankUSE
science0ea4f7db-eb25-4758-b83e-6a9bdb57d4a3 Q0 uk16 15 12 CoTagRankUSE
science0ea4f7db-eb25-4758-b83e-6a9bdb57d4a3 Q0 uk17 16 11 CoTagRankUSE
science0ea4f7db-eb25-4758-b83e-6a9bdb57d4a3 Q0 k8 17 10 CoTagRankUSE
science0ea4f7db-eb25-4758-b83e-6a9bdb57d4a3 Q0 uk18 18 9 CoTagRankUSE
science0ea4f7db-eb25-4758-b83e-6a9bdb57d4a3 Q0 uk19 19 8 CoTagRankUSE
science0ea4f7db-eb25-4758-b83e-6a9bdb57d4a3 Q0 uk20 20 7 CoTagRankUSE
science0ea4f7db-eb25-4758-b83e-6a9bdb57d4a3 Q0 k9 21 6 CoTagRankUSE
science0ea4f7db-eb25-4758-b83e-6a9bdb57d4a3 Q0 uk21 22 5 CoTagRankUSE
science0ea4f7db-eb25-4758-b83e-6a9bdb57d4a3 Q0 uk22 23 4 CoTagRankUSE
science0ea4f7db-eb25-4758-b83e-6a9bdb57d4a3 Q0 uk23 24 3 CoTagRankUSE
science0ea4f7db-eb25-4758-b83e-6a9bdb57d4a3 Q0 uk24 25 2 CoTagRankUSE
science0ea4f7db-eb25-4758-b83e-6a9bdb57d4a3 Q0 uk25 26 1 CoTagRankUSE
science0ec2c419-7d17-45a5-93b7-71d82bb44c08 Q0 k0 1 22 CoTagRankUSE
science0ec2c419-7d17-45a5-93b7-71d82bb44c08 Q0 k1 2 21 CoTagRankUSE
science0ec2c419-7d17-45a5-93b7-71d82bb44c08 Q0 k2 3 20 CoTagRankUSE
science0ec2c419-7d17-45a5-93b7-71d82bb44c08 Q0 k3 4 19 CoTagRankUSE
science0ec2c419-7d17-45a5-93b7-71d82bb44c08 Q0 k4 5 18 CoTagRankUSE
science0ec2c419-7d17-45a5-93b7-71d82bb44c08 Q0 uk8 6 17 CoTagRankUSE
science0ec2c419-7d17-45a5-93b7-71d82bb44c08 Q0 uk9 7 16 CoTagRankUSE
science0ec2c419-7d17-45a5-93b7-71d82bb44c08 Q0 uk10 8 15 CoTagRankUSE
science0ec2c419-7d17-45a5-93b7-71d82bb44c08 Q0 k6 9 14 CoTagRankUSE
science0ec2c419-7d17-45a5-93b7-71d82bb44c08 Q0 uk11 10 13 CoTagRankUSE
science0ec2c419-7d17-45a5-93b7-71d82bb44c08 Q0 uk12 11 12 CoTagRankUSE
science0ec2c419-7d17-45a5-93b7-71d82bb44c08 Q0 uk13 12 11 CoTagRankUSE
science0ec2c419-7d17-45a5-93b7-71d82bb44c08 Q0 uk14 13 10 CoTagRankUSE
science0ec2c419-7d17-45a5-93b7-71d82bb44c08 Q0 k7 14 9 CoTagRankUSE
science0ec2c419-7d17-45a5-93b7-71d82bb44c08 Q0 uk15 15 8 CoTagRankUSE
science0ec2c419-7d17-45a5-93b7-71d82bb44c08 Q0 uk16 16 7 CoTagRankUSE
science0ec2c419-7d17-45a5-93b7-71d82bb44c08 Q0 uk17 17 6 CoTagRankUSE
science0ec2c419-7d17-45a5-93b7-71d82bb44c08 Q0 uk18 18 5 CoTagRankUSE
science0ec2c419-7d17-45a5-93b7-71d82bb44c08 Q0 uk19 19 4 CoTagRankUSE
science0ec2c419-7d17-45a5-93b7-71d82bb44c08 Q0 uk20 20 3 CoTagRankUSE
science0ec2c419-7d17-45a5-93b7-71d82bb44c08 Q0 uk21 21 2 CoTagRankUSE
science0ec2c419-7d17-45a5-93b7-71d82bb44c08 Q0 uk22 22 1 CoTagRankUSE
science0eccfbd9-6076-429c-a72e-e5c65082932c Q0 k0 1 28 CoTagRankUSE
science0eccfbd9-6076-429c-a72e-e5c65082932c Q0 k3 2 27 CoTagRankUSE
science0eccfbd9-6076-429c-a72e-e5c65082932c Q0 uk6 3 26 CoTagRankUSE
science0eccfbd9-6076-429c-a72e-e5c65082932c Q0 uk7 4 25 CoTagRankUSE
science0eccfbd9-6076-429c-a72e-e5c65082932c Q0 uk8 5 24 CoTagRankUSE
science0eccfbd9-6076-429c-a72e-e5c65082932c Q0 uk9 6 23 CoTagRankUSE
science0eccfbd9-6076-429c-a72e-e5c65082932c Q0 k1 7 22 CoTagRankUSE
science0eccfbd9-6076-429c-a72e-e5c65082932c Q0 uk10 8 21 CoTagRankUSE
science0eccfbd9-6076-429c-a72e-e5c65082932c Q0 uk11 9 20 CoTagRankUSE
science0eccfbd9-6076-429c-a72e-e5c65082932c Q0 uk12 10 19 CoTagRankUSE
science0eccfbd9-6076-429c-a72e-e5c65082932c Q0 uk13 11 18 CoTagRankUSE
science0eccfbd9-6076-429c-a72e-e5c65082932c Q0 uk14 12 17 CoTagRankUSE
science0eccfbd9-6076-429c-a72e-e5c65082932c Q0 uk15 13 16 CoTagRankUSE
science0eccfbd9-6076-429c-a72e-e5c65082932c Q0 k2 14 15 CoTagRankUSE
science0eccfbd9-6076-429c-a72e-e5c65082932c Q0 uk16 15 14 CoTagRankUSE
science0eccfbd9-6076-429c-a72e-e5c65082932c Q0 k4 16 13 CoTagRankUSE
science0eccfbd9-6076-429c-a72e-e5c65082932c Q0 uk17 17 12 CoTagRankUSE
science0eccfbd9-6076-429c-a72e-e5c65082932c Q0 uk18 18 11 CoTagRankUSE
science0eccfbd9-6076-429c-a72e-e5c65082932c Q0 uk19 19 10 CoTagRankUSE
science0eccfbd9-6076-429c-a72e-e5c65082932c Q0 uk20 20 9 CoTagRankUSE
science0eccfbd9-6076-429c-a72e-e5c65082932c Q0 uk21 21 8 CoTagRankUSE
science0eccfbd9-6076-429c-a72e-e5c65082932c Q0 uk22 22 7 CoTagRankUSE
science0eccfbd9-6076-429c-a72e-e5c65082932c Q0 uk23 23 6 CoTagRankUSE
science0eccfbd9-6076-429c-a72e-e5c65082932c Q0 k5 24 5 CoTagRankUSE
science0eccfbd9-6076-429c-a72e-e5c65082932c Q0 uk24 25 4 CoTagRankUSE
science0eccfbd9-6076-429c-a72e-e5c65082932c Q0 uk25 26 3 CoTagRankUSE
science0eccfbd9-6076-429c-a72e-e5c65082932c Q0 uk26 27 2 CoTagRankUSE
science0eccfbd9-6076-429c-a72e-e5c65082932c Q0 uk27 28 1 CoTagRankUSE
science0ee0208b-91cd-49b8-b487-b2f86c7bc091 Q0 k0 1 27 CoTagRankUSE
science0ee0208b-91cd-49b8-b487-b2f86c7bc091 Q0 k1 2 26 CoTagRankUSE
science0ee0208b-91cd-49b8-b487-b2f86c7bc091 Q0 uk8 3 25 CoTagRankUSE
science0ee0208b-91cd-49b8-b487-b2f86c7bc091 Q0 k2 4 24 CoTagRankUSE
science0ee0208b-91cd-49b8-b487-b2f86c7bc091 Q0 uk9 5 23 CoTagRankUSE
science0ee0208b-91cd-49b8-b487-b2f86c7bc091 Q0 k3 6 22 CoTagRankUSE
science0ee0208b-91cd-49b8-b487-b2f86c7bc091 Q0 uk10 7 21 CoTagRankUSE
science0ee0208b-91cd-49b8-b487-b2f86c7bc091 Q0 k4 8 20 CoTagRankUSE
science0ee0208b-91cd-49b8-b487-b2f86c7bc091 Q0 k5 9 19 CoTagRankUSE
science0ee0208b-91cd-49b8-b487-b2f86c7bc091 Q0 uk11 10 18 CoTagRankUSE
science0ee0208b-91cd-49b8-b487-b2f86c7bc091 Q0 uk12 11 17 CoTagRankUSE
science0ee0208b-91cd-49b8-b487-b2f86c7bc091 Q0 uk13 12 16 CoTagRankUSE
science0ee0208b-91cd-49b8-b487-b2f86c7bc091 Q0 uk14 13 15 CoTagRankUSE
science0ee0208b-91cd-49b8-b487-b2f86c7bc091 Q0 uk15 14 14 CoTagRankUSE
science0ee0208b-91cd-49b8-b487-b2f86c7bc091 Q0 uk16 15 13 CoTagRankUSE
science0ee0208b-91cd-49b8-b487-b2f86c7bc091 Q0 k6 16 12 CoTagRankUSE
science0ee0208b-91cd-49b8-b487-b2f86c7bc091 Q0 uk17 17 11 CoTagRankUSE
science0ee0208b-91cd-49b8-b487-b2f86c7bc091 Q0 uk18 18 10 CoTagRankUSE
science0ee0208b-91cd-49b8-b487-b2f86c7bc091 Q0 uk19 19 9 CoTagRankUSE
science0ee0208b-91cd-49b8-b487-b2f86c7bc091 Q0 uk20 20 8 CoTagRankUSE
science0ee0208b-91cd-49b8-b487-b2f86c7bc091 Q0 uk21 21 7 CoTagRankUSE
science0ee0208b-91cd-49b8-b487-b2f86c7bc091 Q0 uk22 22 6 CoTagRankUSE
science0ee0208b-91cd-49b8-b487-b2f86c7bc091 Q0 k7 23 5 CoTagRankUSE
science0ee0208b-91cd-49b8-b487-b2f86c7bc091 Q0 uk23 24 4 CoTagRankUSE
science0ee0208b-91cd-49b8-b487-b2f86c7bc091 Q0 uk24 25 3 CoTagRankUSE
science0ee0208b-91cd-49b8-b487-b2f86c7bc091 Q0 uk25 26 2 CoTagRankUSE
science0ee0208b-91cd-49b8-b487-b2f86c7bc091 Q0 uk26 27 1 CoTagRankUSE
science0efbb887-7c9f-4396-8ff1-7fafa62098e7 Q0 k0 1 26 CoTagRankUSE
science0efbb887-7c9f-4396-8ff1-7fafa62098e7 Q0 uk7 2 25 CoTagRankUSE
science0efbb887-7c9f-4396-8ff1-7fafa62098e7 Q0 uk8 3 24 CoTagRankUSE
science0efbb887-7c9f-4396-8ff1-7fafa62098e7 Q0 k1 4 23 CoTagRankUSE
science0efbb887-7c9f-4396-8ff1-7fafa62098e7 Q0 k2 5 22 CoTagRankUSE
science0efbb887-7c9f-4396-8ff1-7fafa62098e7 Q0 k3 6 21 CoTagRankUSE
science0efbb887-7c9f-4396-8ff1-7fafa62098e7 Q0 k4 7 20 CoTagRankUSE
science0efbb887-7c9f-4396-8ff1-7fafa62098e7 Q0 uk9 8 19 CoTagRankUSE
science0efbb887-7c9f-4396-8ff1-7fafa62098e7 Q0 uk10 9 18 CoTagRankUSE
science0efbb887-7c9f-4396-8ff1-7fafa62098e7 Q0 uk11 10 17 CoTagRankUSE
science0efbb887-7c9f-4396-8ff1-7fafa62098e7 Q0 uk12 11 16 CoTagRankUSE
science0efbb887-7c9f-4396-8ff1-7fafa62098e7 Q0 uk13 12 15 CoTagRankUSE
science0efbb887-7c9f-4396-8ff1-7fafa62098e7 Q0 uk14 13 14 CoTagRankUSE
science0efbb887-7c9f-4396-8ff1-7fafa62098e7 Q0 uk15 14 13 CoTagRankUSE
science0efbb887-7c9f-4396-8ff1-7fafa62098e7 Q0 uk16 15 12 CoTagRankUSE
science0efbb887-7c9f-4396-8ff1-7fafa62098e7 Q0 k5 16 11 CoTagRankUSE
science0efbb887-7c9f-4396-8ff1-7fafa62098e7 Q0 uk17 17 10 CoTagRankUSE
science0efbb887-7c9f-4396-8ff1-7fafa62098e7 Q0 uk18 18 9 CoTagRankUSE
science0efbb887-7c9f-4396-8ff1-7fafa62098e7 Q0 uk19 19 8 CoTagRankUSE
science0efbb887-7c9f-4396-8ff1-7fafa62098e7 Q0 uk20 20 7 CoTagRankUSE
science0efbb887-7c9f-4396-8ff1-7fafa62098e7 Q0 k6 21 6 CoTagRankUSE
science0efbb887-7c9f-4396-8ff1-7fafa62098e7 Q0 uk21 22 5 CoTagRankUSE
science0efbb887-7c9f-4396-8ff1-7fafa62098e7 Q0 uk22 23 4 CoTagRankUSE
science0efbb887-7c9f-4396-8ff1-7fafa62098e7 Q0 uk23 24 3 CoTagRankUSE
science0efbb887-7c9f-4396-8ff1-7fafa62098e7 Q0 uk24 25 2 CoTagRankUSE
science0efbb887-7c9f-4396-8ff1-7fafa62098e7 Q0 uk25 26 1 CoTagRankUSE
science_qa33eab9fa-9359-4975-a860-ac7eb3a293e2 Q0 k0 1 19 CoTagRankUSE
science_qa33eab9fa-9359-4975-a860-ac7eb3a293e2 Q0 k1 2 18 CoTagRankUSE
science_qa33eab9fa-9359-4975-a860-ac7eb3a293e2 Q0 k2 3 17 CoTagRankUSE
science_qa33eab9fa-9359-4975-a860-ac7eb3a293e2 Q0 k3 4 16 CoTagRankUSE
science_qa33eab9fa-9359-4975-a860-ac7eb3a293e2 Q0 uk6 5 15 CoTagRankUSE
science_qa33eab9fa-9359-4975-a860-ac7eb3a293e2 Q0 uk7 6 14 CoTagRankUSE
science_qa33eab9fa-9359-4975-a860-ac7eb3a293e2 Q0 k4 7 13 CoTagRankUSE
science_qa33eab9fa-9359-4975-a860-ac7eb3a293e2 Q0 uk8 8 12 CoTagRankUSE
science_qa33eab9fa-9359-4975-a860-ac7eb3a293e2 Q0 uk9 9 11 CoTagRankUSE
science_qa33eab9fa-9359-4975-a860-ac7eb3a293e2 Q0 k5 10 10 CoTagRankUSE
science_qa33eab9fa-9359-4975-a860-ac7eb3a293e2 Q0 uk10 11 9 CoTagRankUSE
science_qa33eab9fa-9359-4975-a860-ac7eb3a293e2 Q0 uk11 12 8 CoTagRankUSE
science_qa33eab9fa-9359-4975-a860-ac7eb3a293e2 Q0 uk12 13 7 CoTagRankUSE
science_qa33eab9fa-9359-4975-a860-ac7eb3a293e2 Q0 uk13 14 6 CoTagRankUSE
science_qa33eab9fa-9359-4975-a860-ac7eb3a293e2 Q0 uk14 15 5 CoTagRankUSE
science_qa33eab9fa-9359-4975-a860-ac7eb3a293e2 Q0 uk15 16 4 CoTagRankUSE
science_qa33eab9fa-9359-4975-a860-ac7eb3a293e2 Q0 uk16 17 3 CoTagRankUSE
science_qa33eab9fa-9359-4975-a860-ac7eb3a293e2 Q0 uk17 18 2 CoTagRankUSE
science_qa33eab9fa-9359-4975-a860-ac7eb3a293e2 Q0 uk18 19 1 CoTagRankUSE
science_qabeb3fa47-33e4-4437-abaa-b255962dc5e6 Q0 k0 1 17 CoTagRankUSE
science_qabeb3fa47-33e4-4437-abaa-b255962dc5e6 Q0 k1 2 16 CoTagRankUSE
science_qabeb3fa47-33e4-4437-abaa-b255962dc5e6 Q0 uk3 3 15 CoTagRankUSE
science_qabeb3fa47-33e4-4437-abaa-b255962dc5e6 Q0 uk4 4 14 CoTagRankUSE
science_qabeb3fa47-33e4-4437-abaa-b255962dc5e6 Q0 uk5 5 13 CoTagRankUSE
science_qabeb3fa47-33e4-4437-abaa-b255962dc5e6 Q0 uk6 6 12 CoTagRankUSE
science_qabeb3fa47-33e4-4437-abaa-b255962dc5e6 Q0 uk7 7 11 CoTagRankUSE
science_qabeb3fa47-33e4-4437-abaa-b255962dc5e6 Q0 uk8 8 10 CoTagRankUSE
science_qabeb3fa47-33e4-4437-abaa-b255962dc5e6 Q0 uk9 9 9 CoTagRankUSE
science_qabeb3fa47-33e4-4437-abaa-b255962dc5e6 Q0 uk10 10 8 CoTagRankUSE
science_qabeb3fa47-33e4-4437-abaa-b255962dc5e6 Q0 uk11 11 7 CoTagRankUSE
science_qabeb3fa47-33e4-4437-abaa-b255962dc5e6 Q0 uk12 12 6 CoTagRankUSE
science_qabeb3fa47-33e4-4437-abaa-b255962dc5e6 Q0 uk13 13 5 CoTagRankUSE
science_qabeb3fa47-33e4-4437-abaa-b255962dc5e6 Q0 uk14 14 4 CoTagRankUSE
science_qabeb3fa47-33e4-4437-abaa-b255962dc5e6 Q0 uk15 15 3 CoTagRankUSE
science_qabeb3fa47-33e4-4437-abaa-b255962dc5e6 Q0 uk16 16 2 CoTagRankUSE
science_qabeb3fa47-33e4-4437-abaa-b255962dc5e6 Q0 uk17 17 1 CoTagRankUSE
science_qac57d6e68-79fc-48d6-8158-2e0664fe63ff Q0 k0 1 30 CoTagRankUSE
science_qac57d6e68-79fc-48d6-8158-2e0664fe63ff Q0 k1 2 29 CoTagRankUSE
science_qac57d6e68-79fc-48d6-8158-2e0664fe63ff Q0 k2 3 28 CoTagRankUSE
science_qac57d6e68-79fc-48d6-8158-2e0664fe63ff Q0 uk6 4 27 CoTagRankUSE
science_qac57d6e68-79fc-48d6-8158-2e0664fe63ff Q0 k3 5 26 CoTagRankUSE
science_qac57d6e68-79fc-48d6-8158-2e0664fe63ff Q0 uk7 6 25 CoTagRankUSE
science_qac57d6e68-79fc-48d6-8158-2e0664fe63ff Q0 uk8 7 24 CoTagRankUSE
science_qac57d6e68-79fc-48d6-8158-2e0664fe63ff Q0 k4 8 23 CoTagRankUSE
science_qac57d6e68-79fc-48d6-8158-2e0664fe63ff Q0 uk9 9 22 CoTagRankUSE
science_qac57d6e68-79fc-48d6-8158-2e0664fe63ff Q0 uk10 10 21 CoTagRankUSE
science_qac57d6e68-79fc-48d6-8158-2e0664fe63ff Q0 uk11 11 20 CoTagRankUSE
science_qac57d6e68-79fc-48d6-8158-2e0664fe63ff Q0 uk12 12 19 CoTagRankUSE
science_qac57d6e68-79fc-48d6-8158-2e0664fe63ff Q0 uk13 13 18 CoTagRankUSE
science_qac57d6e68-79fc-48d6-8158-2e0664fe63ff Q0 uk14 14 17 CoTagRankUSE
science_qac57d6e68-79fc-48d6-8158-2e0664fe63ff Q0 uk15 15 16 CoTagRankUSE
science_qac57d6e68-79fc-48d6-8158-2e0664fe63ff Q0 uk16 16 15 CoTagRankUSE
science_qac57d6e68-79fc-48d6-8158-2e0664fe63ff Q0 uk17 17 14 CoTagRankUSE
science_qac57d6e68-79fc-48d6-8158-2e0664fe63ff Q0 uk18 18 13 CoTagRankUSE
science_qac57d6e68-79fc-48d6-8158-2e0664fe63ff Q0 uk19 19 12 CoTagRankUSE
science_qac57d6e68-79fc-48d6-8158-2e0664fe63ff Q0 uk20 20 11 CoTagRankUSE
science_qac57d6e68-79fc-48d6-8158-2e0664fe63ff Q0 uk21 21 10 CoTagRankUSE
science_qac57d6e68-79fc-48d6-8158-2e0664fe63ff Q0 uk22 22 9 CoTagRankUSE
science_qac57d6e68-79fc-48d6-8158-2e0664fe63ff Q0 uk23 23 8 CoTagRankUSE
science_qac57d6e68-79fc-48d6-8158-2e0664fe63ff Q0 k5 24 7 CoTagRankUSE
science_qac57d6e68-79fc-48d6-8158-2e0664fe63ff Q0 uk24 25 6 CoTagRankUSE
science_qac57d6e68-79fc-48d6-8158-2e0664fe63ff Q0 uk25 26 5 CoTagRankUSE
science_qac57d6e68-79fc-48d6-8158-2e0664fe63ff Q0 uk26 27 4 CoTagRankUSE
science_qac57d6e68-79fc-48d6-8158-2e0664fe63ff Q0 uk27 28 3 CoTagRankUSE
science_qac57d6e68-79fc-48d6-8158-2e0664fe63ff Q0 uk28 29 2 CoTagRankUSE
science_qac57d6e68-79fc-48d6-8158-2e0664fe63ff Q0 uk29 30 1 CoTagRankUSE
science_qac58cb615-f2ca-4210-9032-32b3f5af5eed Q0 k0 1 23 CoTagRankUSE
science_qac58cb615-f2ca-4210-9032-32b3f5af5eed Q0 k1 2 22 CoTagRankUSE
science_qac58cb615-f2ca-4210-9032-32b3f5af5eed Q0 uk4 3 21 CoTagRankUSE
science_qac58cb615-f2ca-4210-9032-32b3f5af5eed Q0 uk5 4 20 CoTagRankUSE
science_qac58cb615-f2ca-4210-9032-32b3f5af5eed Q0 uk6 5 19 CoTagRankUSE
science_qac58cb615-f2ca-4210-9032-32b3f5af5eed Q0 uk7 6 18 CoTagRankUSE
science_qac58cb615-f2ca-4210-9032-32b3f5af5eed Q0 uk8 7 17 CoTagRankUSE
science_qac58cb615-f2ca-4210-9032-32b3f5af5eed Q0 uk9 8 16 CoTagRankUSE
science_qac58cb615-f2ca-4210-9032-32b3f5af5eed Q0 uk10 9 15 CoTagRankUSE
science_qac58cb615-f2ca-4210-9032-32b3f5af5eed Q0 uk11 10 14 CoTagRankUSE
science_qac58cb615-f2ca-4210-9032-32b3f5af5eed Q0 uk12 11 13 CoTagRankUSE
science_qac58cb615-f2ca-4210-9032-32b3f5af5eed Q0 uk13 12 12 CoTagRankUSE
science_qac58cb615-f2ca-4210-9032-32b3f5af5eed Q0 k2 13 11 CoTagRankUSE
science_qac58cb615-f2ca-4210-9032-32b3f5af5eed Q0 k3 14 10 CoTagRankUSE
science_qac58cb615-f2ca-4210-9032-32b3f5af5eed Q0 uk14 15 9 CoTagRankUSE
science_qac58cb615-f2ca-4210-9032-32b3f5af5eed Q0 uk15 16 8 CoTagRankUSE
science_qac58cb615-f2ca-4210-9032-32b3f5af5eed Q0 uk16 17 7 CoTagRankUSE
science_qac58cb615-f2ca-4210-9032-32b3f5af5eed Q0 uk17 18 6 CoTagRankUSE
science_qac58cb615-f2ca-4210-9032-32b3f5af5eed Q0 uk18 19 5 CoTagRankUSE
science_qac58cb615-f2ca-4210-9032-32b3f5af5eed Q0 uk19 20 4 CoTagRankUSE
science_qac58cb615-f2ca-4210-9032-32b3f5af5eed Q0 uk20 21 3 CoTagRankUSE
science_qac58cb615-f2ca-4210-9032-32b3f5af5eed Q0 uk21 22 2 CoTagRankUSE
science_qac58cb615-f2ca-4210-9032-32b3f5af5eed Q0 uk22 23 1 CoTagRankUSE
